2025-12-09 07:40:34.831 | 
2025-12-09 07:40:34.831 |   .   ____          _            __ _ _
2025-12-09 07:40:34.831 |  /\\ / ___'_ __ _ _(_)_ __  __ _ \ \ \ \
2025-12-09 07:40:34.831 | ( ( )\___ | '_ | '_| | '_ \/ _` | \ \ \ \
2025-12-09 07:40:34.831 |  \\/  ___)| |_)| | | | | || (_| |  ) ) ) )
2025-12-09 07:40:34.831 |   '  |____| .__|_| |_|_| |_\__, | / / / /
2025-12-09 07:40:34.831 |  =========|_|==============|___/=/_/_/_/
2025-12-09 07:40:34.831 |  :: Spring Boot ::                (v3.2.7)
2025-12-09 07:40:34.832 | 
2025-12-09 07:40:37.036 | 2025-12-09T02:10:37.018Z  INFO 1 --- [api-gateway] [           main] c.f.apigateway.ApiGatewayApplication     : Starting ApiGatewayApplication v0.0.1-SNAPSHOT using Java 17.0.17 with PID 1 (/app/app.jar started by root in /app)
2025-12-09 07:40:37.055 | 2025-12-09T02:10:37.054Z  INFO 1 --- [api-gateway] [           main] c.f.apigateway.ApiGatewayApplication     : No active profile set, falling back to 1 default profile: "default"
2025-12-09 07:41:05.347 | 2025-12-09T02:11:05.342Z  INFO 1 --- [api-gateway] [           main] o.s.cloud.context.scope.GenericScope     : BeanFactory id=cf32bc40-8bc7-32d1-867a-39e5b181829a
2025-12-09 07:41:07.363 | 2025-12-09T02:11:07.362Z  WARN 1 --- [api-gateway] [           main] trationDelegate$BeanPostProcessorChecker : Bean 'org.springframework.cloud.client.loadbalancer.LoadBalancerAutoConfiguration$DeferringLoadBalancerInterceptorConfig' of type [org.springframework.cloud.client.loadbalancer.LoadBalancerAutoConfiguration$DeferringLoadBalancerInterceptorConfig] is not eligible for getting processed by all BeanPostProcessors (for example: not eligible for auto-proxying). The currently created BeanPostProcessor [lbRestClientPostProcessor] is declared through a non-static factory method on that class; consider declaring it as static instead.
2025-12-09 07:41:07.400 | 2025-12-09T02:11:07.399Z  WARN 1 --- [api-gateway] [           main] trationDelegate$BeanPostProcessorChecker : Bean 'deferringLoadBalancerInterceptor' of type [org.springframework.cloud.client.loadbalancer.DeferringLoadBalancerInterceptor] is not eligible for getting processed by all BeanPostProcessors (for example: not eligible for auto-proxying). Is this bean getting eagerly injected into a currently created BeanPostProcessor [lbRestClientPostProcessor]? Check the corresponding BeanPostProcessor declaration and its dependencies.
2025-12-09 07:41:07.441 | 2025-12-09T02:11:07.435Z  WARN 1 --- [api-gateway] [           main] trationDelegate$BeanPostProcessorChecker : Bean 'org.springframework.cloud.client.loadbalancer.reactive.LoadBalancerBeanPostProcessorAutoConfiguration' of type [org.springframework.cloud.client.loadbalancer.reactive.LoadBalancerBeanPostProcessorAutoConfiguration] is not eligible for getting processed by all BeanPostProcessors (for example: not eligible for auto-proxying). The currently created BeanPostProcessor [loadBalancerWebClientBuilderBeanPostProcessor] is declared through a non-static factory method on that class; consider declaring it as static instead.
2025-12-09 07:41:07.483 | 2025-12-09T02:11:07.463Z  WARN 1 --- [api-gateway] [           main] trationDelegate$BeanPostProcessorChecker : Bean 'org.springframework.cloud.client.loadbalancer.reactive.LoadBalancerBeanPostProcessorAutoConfiguration$ReactorDeferringLoadBalancerFilterConfig' of type [org.springframework.cloud.client.loadbalancer.reactive.LoadBalancerBeanPostProcessorAutoConfiguration$ReactorDeferringLoadBalancerFilterConfig] is not eligible for getting processed by all BeanPostProcessors (for example: not eligible for auto-proxying). Is this bean getting eagerly injected into a currently created BeanPostProcessor [loadBalancerWebClientBuilderBeanPostProcessor]? Check the corresponding BeanPostProcessor declaration and its dependencies.
2025-12-09 07:41:07.513 | 2025-12-09T02:11:07.512Z  WARN 1 --- [api-gateway] [           main] trationDelegate$BeanPostProcessorChecker : Bean 'reactorDeferringLoadBalancerExchangeFilterFunction' of type [org.springframework.cloud.client.loadbalancer.reactive.DeferringLoadBalancerExchangeFilterFunction] is not eligible for getting processed by all BeanPostProcessors (for example: not eligible for auto-proxying). Is this bean getting eagerly injected into a currently created BeanPostProcessor [loadBalancerWebClientBuilderBeanPostProcessor]? Check the corresponding BeanPostProcessor declaration and its dependencies.
2025-12-09 07:41:26.293 | 2025-12-09T02:11:26.288Z  INFO 1 --- [api-gateway] [           main] o.s.c.g.r.RouteDefinitionRouteLocator    : Loaded RoutePredicateFactory [After]
2025-12-09 07:41:26.301 | 2025-12-09T02:11:26.293Z  INFO 1 --- [api-gateway] [           main] o.s.c.g.r.RouteDefinitionRouteLocator    : Loaded RoutePredicateFactory [Before]
2025-12-09 07:41:26.302 | 2025-12-09T02:11:26.301Z  INFO 1 --- [api-gateway] [           main] o.s.c.g.r.RouteDefinitionRouteLocator    : Loaded RoutePredicateFactory [Between]
2025-12-09 07:41:26.302 | 2025-12-09T02:11:26.302Z  INFO 1 --- [api-gateway] [           main] o.s.c.g.r.RouteDefinitionRouteLocator    : Loaded RoutePredicateFactory [Cookie]
2025-12-09 07:41:26.305 | 2025-12-09T02:11:26.304Z  INFO 1 --- [api-gateway] [           main] o.s.c.g.r.RouteDefinitionRouteLocator    : Loaded RoutePredicateFactory [Header]
2025-12-09 07:41:26.317 | 2025-12-09T02:11:26.316Z  INFO 1 --- [api-gateway] [           main] o.s.c.g.r.RouteDefinitionRouteLocator    : Loaded RoutePredicateFactory [Host]
2025-12-09 07:41:26.331 | 2025-12-09T02:11:26.328Z  INFO 1 --- [api-gateway] [           main] o.s.c.g.r.RouteDefinitionRouteLocator    : Loaded RoutePredicateFactory [Method]
2025-12-09 07:41:26.333 | 2025-12-09T02:11:26.332Z  INFO 1 --- [api-gateway] [           main] o.s.c.g.r.RouteDefinitionRouteLocator    : Loaded RoutePredicateFactory [Path]
2025-12-09 07:41:26.361 | 2025-12-09T02:11:26.358Z  INFO 1 --- [api-gateway] [           main] o.s.c.g.r.RouteDefinitionRouteLocator    : Loaded RoutePredicateFactory [Query]
2025-12-09 07:41:26.433 | 2025-12-09T02:11:26.379Z  INFO 1 --- [api-gateway] [           main] o.s.c.g.r.RouteDefinitionRouteLocator    : Loaded RoutePredicateFactory [ReadBody]
2025-12-09 07:41:26.449 | 2025-12-09T02:11:26.433Z  INFO 1 --- [api-gateway] [           main] o.s.c.g.r.RouteDefinitionRouteLocator    : Loaded RoutePredicateFactory [RemoteAddr]
2025-12-09 07:41:26.449 | 2025-12-09T02:11:26.434Z  INFO 1 --- [api-gateway] [           main] o.s.c.g.r.RouteDefinitionRouteLocator    : Loaded RoutePredicateFactory [XForwardedRemoteAddr]
2025-12-09 07:41:26.449 | 2025-12-09T02:11:26.434Z  INFO 1 --- [api-gateway] [           main] o.s.c.g.r.RouteDefinitionRouteLocator    : Loaded RoutePredicateFactory [Weight]
2025-12-09 07:41:26.449 | 2025-12-09T02:11:26.434Z  INFO 1 --- [api-gateway] [           main] o.s.c.g.r.RouteDefinitionRouteLocator    : Loaded RoutePredicateFactory [CloudFoundryRouteService]
2025-12-09 07:41:33.121 | 2025-12-09T02:11:33.120Z  INFO 1 --- [api-gateway] [           main] o.s.b.a.e.web.EndpointLinksResolver      : Exposing 3 endpoint(s) beneath base path '/actuator'
2025-12-09 07:41:38.919 | 2025-12-09T02:11:38.918Z  INFO 1 --- [api-gateway] [           main] DiscoveryClientOptionalArgsConfiguration : Eureka HTTP Client uses RestTemplate.
2025-12-09 07:41:40.395 | 2025-12-09T02:11:40.393Z  WARN 1 --- [api-gateway] [           main] iguration$LoadBalancerCaffeineWarnLogger : Spring Cloud LoadBalancer is currently working with the default cache. While this cache implementation is useful for development and tests, it's recommended to use Caffeine cache in production.You can switch to using Caffeine cache, by adding it and org.springframework.cache.caffeine.CaffeineCacheManager to the classpath.
2025-12-09 07:41:42.538 | 2025-12-09T02:11:42.537Z  INFO 1 --- [api-gateway] [           main] o.s.c.n.eureka.InstanceInfoFactory       : Setting initial instance status as: STARTING
2025-12-09 07:41:43.190 | 2025-12-09T02:11:43.173Z  INFO 1 --- [api-gateway] [           main] com.netflix.discovery.DiscoveryClient    : Initializing Eureka in region us-east-1
2025-12-09 07:41:43.360 | 2025-12-09T02:11:43.348Z  INFO 1 --- [api-gateway] [           main] c.n.d.s.r.aws.ConfigClusterResolver      : Resolving eureka endpoints via configuration
2025-12-09 07:41:43.817 | 2025-12-09T02:11:43.788Z  INFO 1 --- [api-gateway] [           main] com.netflix.discovery.DiscoveryClient    : Disable delta property : false
2025-12-09 07:41:43.817 | 2025-12-09T02:11:43.808Z  INFO 1 --- [api-gateway] [           main] com.netflix.discovery.DiscoveryClient    : Single vip registry refresh property : null
2025-12-09 07:41:43.817 | 2025-12-09T02:11:43.809Z  INFO 1 --- [api-gateway] [           main] com.netflix.discovery.DiscoveryClient    : Force full registry fetch : false
2025-12-09 07:41:43.817 | 2025-12-09T02:11:43.809Z  INFO 1 --- [api-gateway] [           main] com.netflix.discovery.DiscoveryClient    : Application is null : false
2025-12-09 07:41:43.817 | 2025-12-09T02:11:43.810Z  INFO 1 --- [api-gateway] [           main] com.netflix.discovery.DiscoveryClient    : Registered Applications size is zero : true
2025-12-09 07:41:43.817 | 2025-12-09T02:11:43.810Z  INFO 1 --- [api-gateway] [           main] com.netflix.discovery.DiscoveryClient    : Application version is -1: true
2025-12-09 07:41:43.817 | 2025-12-09T02:11:43.810Z  INFO 1 --- [api-gateway] [           main] com.netflix.discovery.DiscoveryClient    : Getting all instance registry info from the eureka server
2025-12-09 07:41:56.299 | 2025-12-09T02:11:56.298Z  INFO 1 --- [api-gateway] [           main] c.n.d.s.t.d.RedirectingEurekaHttpClient  : Request execution error. endpoint=DefaultEndpoint{ serviceUrl='http://eureka-server:8761/eureka/}, exception=I/O error on GET request for "http://eureka-server:8761/eureka/apps/": Connect to http://eureka-server:8761 [eureka-server/172.19.0.3] failed: Connection refused stacktrace=org.springframework.web.client.ResourceAccessException: I/O error on GET request for "http://eureka-server:8761/eureka/apps/": Connect to http://eureka-server:8761 [eureka-server/172.19.0.3] failed: Connection refused
2025-12-09 07:41:56.311 | 	at org.springframework.web.client.RestTemplate.createResourceAccessException(RestTemplate.java:915)
2025-12-09 07:41:56.311 | 	at org.springframework.web.client.RestTemplate.doExecute(RestTemplate.java:895)
2025-12-09 07:41:56.311 | 	at org.springframework.web.client.RestTemplate.execute(RestTemplate.java:790)
2025-12-09 07:41:56.311 | 	at org.springframework.web.client.RestTemplate.exchange(RestTemplate.java:672)
2025-12-09 07:41:56.311 | 	at org.springframework.cloud.netflix.eureka.http.RestTemplateEurekaHttpClient.getApplicationsInternal(RestTemplateEurekaHttpClient.java:145)
2025-12-09 07:41:56.311 | 	at org.springframework.cloud.netflix.eureka.http.RestTemplateEurekaHttpClient.getApplications(RestTemplateEurekaHttpClient.java:135)
2025-12-09 07:41:56.311 | 	at com.netflix.discovery.shared.transport.decorator.EurekaHttpClientDecorator$6.execute(EurekaHttpClientDecorator.java:137)
2025-12-09 07:41:56.311 | 	at com.netflix.discovery.shared.transport.decorator.RedirectingEurekaHttpClient.executeOnNewServer(RedirectingEurekaHttpClient.java:121)
2025-12-09 07:41:56.311 | 	at com.netflix.discovery.shared.transport.decorator.RedirectingEurekaHttpClient.execute(RedirectingEurekaHttpClient.java:80)
2025-12-09 07:41:56.311 | 	at com.netflix.discovery.shared.transport.decorator.EurekaHttpClientDecorator.getApplications(EurekaHttpClientDecorator.java:134)
2025-12-09 07:41:56.311 | 	at com.netflix.discovery.shared.transport.decorator.EurekaHttpClientDecorator$6.execute(EurekaHttpClientDecorator.java:137)
2025-12-09 07:41:56.311 | 	at com.netflix.discovery.shared.transport.decorator.RetryableEurekaHttpClient.execute(RetryableEurekaHttpClient.java:120)
2025-12-09 07:41:56.311 | 	at com.netflix.discovery.shared.transport.decorator.EurekaHttpClientDecorator.getApplications(EurekaHttpClientDecorator.java:134)
2025-12-09 07:41:56.311 | 	at com.netflix.discovery.shared.transport.decorator.EurekaHttpClientDecorator$6.execute(EurekaHttpClientDecorator.java:137)
2025-12-09 07:41:56.311 | 	at com.netflix.discovery.shared.transport.decorator.SessionedEurekaHttpClient.execute(SessionedEurekaHttpClient.java:76)
2025-12-09 07:41:56.311 | 	at com.netflix.discovery.shared.transport.decorator.EurekaHttpClientDecorator.getApplications(EurekaHttpClientDecorator.java:134)
2025-12-09 07:41:56.311 | 	at com.netflix.discovery.DiscoveryClient.getAndStoreFullRegistry(DiscoveryClient.java:1046)
2025-12-09 07:41:56.311 | 	at com.netflix.discovery.DiscoveryClient.fetchRegistry(DiscoveryClient.java:961)
2025-12-09 07:41:56.311 | 	at com.netflix.discovery.DiscoveryClient.<init>(DiscoveryClient.java:410)
2025-12-09 07:41:56.311 | 	at com.netflix.discovery.DiscoveryClient.<init>(DiscoveryClient.java:245)
2025-12-09 07:41:56.311 | 	at com.netflix.discovery.DiscoveryClient.<init>(DiscoveryClient.java:240)
2025-12-09 07:41:56.311 | 	at org.springframework.cloud.netflix.eureka.CloudEurekaClient.<init>(CloudEurekaClient.java:68)
2025-12-09 07:41:56.311 | 	at org.springframework.cloud.netflix.eureka.EurekaClientAutoConfiguration$RefreshableEurekaClientConfiguration.eurekaClient(EurekaClientAutoConfiguration.java:321)
2025-12-09 07:41:56.311 | 	at java.base/jdk.internal.reflect.NativeMethodAccessorImpl.invoke0(Native Method)
2025-12-09 07:41:56.311 | 	at java.base/jdk.internal.reflect.NativeMethodAccessorImpl.invoke(Unknown Source)
2025-12-09 07:41:56.311 | 	at java.base/jdk.internal.reflect.DelegatingMethodAccessorImpl.invoke(Unknown Source)
2025-12-09 07:41:56.311 | 	at java.base/java.lang.reflect.Method.invoke(Unknown Source)
2025-12-09 07:41:56.311 | 	at org.springframework.beans.factory.support.SimpleInstantiationStrategy.instantiate(SimpleInstantiationStrategy.java:140)
2025-12-09 07:41:56.311 | 	at org.springframework.beans.factory.support.ConstructorResolver.instantiate(ConstructorResolver.java:644)
2025-12-09 07:41:56.311 | 	at org.springframework.beans.factory.support.ConstructorResolver.instantiateUsingFactoryMethod(ConstructorResolver.java:636)
2025-12-09 07:41:56.311 | 	at org.springframework.beans.factory.support.AbstractAutowireCapableBeanFactory.instantiateUsingFactoryMethod(AbstractAutowireCapableBeanFactory.java:1337)
2025-12-09 07:41:56.311 | 	at org.springframework.beans.factory.support.AbstractAutowireCapableBeanFactory.createBeanInstance(AbstractAutowireCapableBeanFactory.java:1167)
2025-12-09 07:41:56.311 | 	at org.springframework.beans.factory.support.AbstractAutowireCapableBeanFactory.doCreateBean(AbstractAutowireCapableBeanFactory.java:562)
2025-12-09 07:41:56.311 | 	at org.springframework.beans.factory.support.AbstractAutowireCapableBeanFactory.createBean(AbstractAutowireCapableBeanFactory.java:522)
2025-12-09 07:41:56.311 | 	at org.springframework.beans.factory.support.AbstractBeanFactory.lambda$doGetBean$1(AbstractBeanFactory.java:376)
2025-12-09 07:41:56.311 | 	at org.springframework.cloud.context.scope.GenericScope$BeanLifecycleWrapper.getBean(GenericScope.java:375)
2025-12-09 07:41:56.311 | 	at org.springframework.cloud.context.scope.GenericScope.get(GenericScope.java:179)
2025-12-09 07:41:56.311 | 	at org.springframework.beans.factory.support.AbstractBeanFactory.doGetBean(AbstractBeanFactory.java:373)
2025-12-09 07:41:56.311 | 	at org.springframework.beans.factory.support.AbstractBeanFactory.getBean(AbstractBeanFactory.java:200)
2025-12-09 07:41:56.311 | 	at org.springframework.aop.target.SimpleBeanTargetSource.getTarget(SimpleBeanTargetSource.java:35)
2025-12-09 07:41:56.311 | 	at org.springframework.cloud.netflix.eureka.serviceregistry.EurekaRegistration.getTargetObject(EurekaRegistration.java:128)
2025-12-09 07:41:56.311 | 	at org.springframework.cloud.netflix.eureka.serviceregistry.EurekaRegistration.getEurekaClient(EurekaRegistration.java:116)
2025-12-09 07:41:56.311 | 	at java.base/jdk.internal.reflect.NativeMethodAccessorImpl.invoke0(Native Method)
2025-12-09 07:41:56.311 | 	at java.base/jdk.internal.reflect.NativeMethodAccessorImpl.invoke(Unknown Source)
2025-12-09 07:41:56.311 | 	at java.base/jdk.internal.reflect.DelegatingMethodAccessorImpl.invoke(Unknown Source)
2025-12-09 07:41:56.311 | 	at java.base/java.lang.reflect.Method.invoke(Unknown Source)
2025-12-09 07:41:56.311 | 	at org.springframework.util.ReflectionUtils.invokeMethod(ReflectionUtils.java:281)
2025-12-09 07:41:56.311 | 	at org.springframework.cloud.context.scope.GenericScope$LockedScopedProxyFactoryBean.invoke(GenericScope.java:482)
2025-12-09 07:41:56.311 | 	at org.springframework.aop.framework.ReflectiveMethodInvocation.proceed(ReflectiveMethodInvocation.java:184)
2025-12-09 07:41:56.311 | 	at org.springframework.aop.framework.CglibAopProxy$CglibMethodInvocation.proceed(CglibAopProxy.java:768)
2025-12-09 07:41:56.311 | 	at org.springframework.aop.framework.CglibAopProxy$DynamicAdvisedInterceptor.intercept(CglibAopProxy.java:720)
2025-12-09 07:41:56.311 | 	at org.springframework.cloud.netflix.eureka.serviceregistry.EurekaRegistration$$SpringCGLIB$$0.getEurekaClient(<generated>)
2025-12-09 07:41:56.311 | 	at org.springframework.cloud.netflix.eureka.serviceregistry.EurekaServiceRegistry.maybeInitializeClient(EurekaServiceRegistry.java:83)
2025-12-09 07:41:56.311 | 	at org.springframework.cloud.netflix.eureka.serviceregistry.EurekaServiceRegistry.register(EurekaServiceRegistry.java:66)
2025-12-09 07:41:56.311 | 	at org.springframework.cloud.netflix.eureka.serviceregistry.EurekaAutoServiceRegistration.start(EurekaAutoServiceRegistration.java:89)
2025-12-09 07:41:56.311 | 	at org.springframework.context.support.DefaultLifecycleProcessor.doStart(DefaultLifecycleProcessor.java:285)
2025-12-09 07:41:56.311 | 	at org.springframework.context.support.DefaultLifecycleProcessor$LifecycleGroup.start(DefaultLifecycleProcessor.java:469)
2025-12-09 07:41:56.311 | 	at java.base/java.lang.Iterable.forEach(Unknown Source)
2025-12-09 07:41:56.311 | 	at org.springframework.context.support.DefaultLifecycleProcessor.startBeans(DefaultLifecycleProcessor.java:257)
2025-12-09 07:41:56.311 | 	at org.springframework.context.support.DefaultLifecycleProcessor.onRefresh(DefaultLifecycleProcessor.java:202)
2025-12-09 07:41:56.311 | 	at org.springframework.context.support.AbstractApplicationContext.finishRefresh(AbstractApplicationContext.java:981)
2025-12-09 07:41:56.312 | 	at org.springframework.context.support.AbstractApplicationContext.refresh(AbstractApplicationContext.java:627)
2025-12-09 07:41:56.312 | 	at org.springframework.boot.web.reactive.context.ReactiveWebServerApplicationContext.refresh(ReactiveWebServerApplicationContext.java:66)
2025-12-09 07:41:56.312 | 	at org.springframework.boot.SpringApplication.refresh(SpringApplication.java:754)
2025-12-09 07:41:56.312 | 	at org.springframework.boot.SpringApplication.refreshContext(SpringApplication.java:456)
2025-12-09 07:41:56.312 | 	at org.springframework.boot.SpringApplication.run(SpringApplication.java:335)
2025-12-09 07:41:56.312 | 	at org.springframework.boot.SpringApplication.run(SpringApplication.java:1363)
2025-12-09 07:41:56.312 | 	at org.springframework.boot.SpringApplication.run(SpringApplication.java:1352)
2025-12-09 07:41:56.312 | 	at com.flightapp.apigateway.ApiGatewayApplication.main(ApiGatewayApplication.java:10)
2025-12-09 07:41:56.312 | 	at java.base/jdk.internal.reflect.NativeMethodAccessorImpl.invoke0(Native Method)
2025-12-09 07:41:56.312 | 	at java.base/jdk.internal.reflect.NativeMethodAccessorImpl.invoke(Unknown Source)
2025-12-09 07:41:56.312 | 	at java.base/jdk.internal.reflect.DelegatingMethodAccessorImpl.invoke(Unknown Source)
2025-12-09 07:41:56.312 | 	at java.base/java.lang.reflect.Method.invoke(Unknown Source)
2025-12-09 07:41:56.312 | 	at org.springframework.boot.loader.launch.Launcher.launch(Launcher.java:91)
2025-12-09 07:41:56.312 | 	at org.springframework.boot.loader.launch.Launcher.launch(Launcher.java:53)
2025-12-09 07:41:56.312 | 	at org.springframework.boot.loader.launch.JarLauncher.main(JarLauncher.java:58)
2025-12-09 07:41:56.312 | Caused by: org.apache.hc.client5.http.HttpHostConnectException: Connect to http://eureka-server:8761 [eureka-server/172.19.0.3] failed: Connection refused
2025-12-09 07:41:56.312 | 	at java.base/sun.nio.ch.Net.pollConnect(Native Method)
2025-12-09 07:41:56.312 | 	at java.base/sun.nio.ch.Net.pollConnectNow(Unknown Source)
2025-12-09 07:41:56.312 | 	at java.base/sun.nio.ch.NioSocketImpl.timedFinishConnect(Unknown Source)
2025-12-09 07:41:56.312 | 	at java.base/sun.nio.ch.NioSocketImpl.connect(Unknown Source)
2025-12-09 07:41:56.312 | 	at java.base/java.net.SocksSocketImpl.connect(Unknown Source)
2025-12-09 07:41:56.312 | 	at java.base/java.net.Socket.connect(Unknown Source)
2025-12-09 07:41:56.312 | 	at org.apache.hc.client5.http.socket.PlainConnectionSocketFactory.lambda$connectSocket$0(PlainConnectionSocketFactory.java:91)
2025-12-09 07:41:56.312 | 	at java.base/java.security.AccessController.doPrivileged(Unknown Source)
2025-12-09 07:41:56.312 | 	at org.apache.hc.client5.http.socket.PlainConnectionSocketFactory.connectSocket(PlainConnectionSocketFactory.java:90)
2025-12-09 07:41:56.312 | 	at org.apache.hc.client5.http.socket.ConnectionSocketFactory.connectSocket(ConnectionSocketFactory.java:123)
2025-12-09 07:41:56.312 | 	at org.apache.hc.client5.http.impl.io.DefaultHttpClientConnectionOperator.connect(DefaultHttpClientConnectionOperator.java:184)
2025-12-09 07:41:56.312 | 	at org.apache.hc.client5.http.impl.io.PoolingHttpClientConnectionManager.connect(PoolingHttpClientConnectionManager.java:447)
2025-12-09 07:41:56.312 | 	at org.apache.hc.client5.http.impl.classic.InternalExecRuntime.connectEndpoint(InternalExecRuntime.java:162)
2025-12-09 07:41:56.312 | 	at org.apache.hc.client5.http.impl.classic.InternalExecRuntime.connectEndpoint(InternalExecRuntime.java:172)
2025-12-09 07:41:56.312 | 	at org.apache.hc.client5.http.impl.classic.ConnectExec.execute(ConnectExec.java:142)
2025-12-09 07:41:56.312 | 	at org.apache.hc.client5.http.impl.classic.ExecChainElement.execute(ExecChainElement.java:51)
2025-12-09 07:41:56.312 | 	at org.apache.hc.client5.http.impl.classic.ProtocolExec.execute(ProtocolExec.java:192)
2025-12-09 07:41:56.312 | 	at org.apache.hc.client5.http.impl.classic.ExecChainElement.execute(ExecChainElement.java:51)
2025-12-09 07:41:56.312 | 	at org.apache.hc.client5.http.impl.classic.HttpRequestRetryExec.execute(HttpRequestRetryExec.java:96)
2025-12-09 07:41:56.312 | 	at org.apache.hc.client5.http.impl.classic.ExecChainElement.execute(ExecChainElement.java:51)
2025-12-09 07:41:56.312 | 	at org.apache.hc.client5.http.impl.classic.ContentCompressionExec.execute(ContentCompressionExec.java:152)
2025-12-09 07:41:56.312 | 	at org.apache.hc.client5.http.impl.classic.ExecChainElement.execute(ExecChainElement.java:51)
2025-12-09 07:41:56.312 | 	at org.apache.hc.client5.http.impl.classic.RedirectExec.execute(RedirectExec.java:115)
2025-12-09 07:41:56.312 | 	at org.apache.hc.client5.http.impl.classic.ExecChainElement.execute(ExecChainElement.java:51)
2025-12-09 07:41:56.312 | 	at org.apache.hc.client5.http.impl.classic.InternalHttpClient.doExecute(InternalHttpClient.java:170)
2025-12-09 07:41:56.312 | 	at org.apache.hc.client5.http.impl.classic.CloseableHttpClient.execute(CloseableHttpClient.java:87)
2025-12-09 07:41:56.312 | 	at org.apache.hc.client5.http.impl.classic.CloseableHttpClient.execute(CloseableHttpClient.java:55)
2025-12-09 07:41:56.312 | 	at org.apache.hc.client5.http.classic.HttpClient.executeOpen(HttpClient.java:183)
2025-12-09 07:41:56.312 | 	at org.springframework.http.client.HttpComponentsClientHttpRequest.executeInternal(HttpComponentsClientHttpRequest.java:99)
2025-12-09 07:41:56.312 | 	at org.springframework.http.client.AbstractStreamingClientHttpRequest.executeInternal(AbstractStreamingClientHttpRequest.java:70)
2025-12-09 07:41:56.312 | 	at org.springframework.http.client.AbstractClientHttpRequest.execute(AbstractClientHttpRequest.java:66)
2025-12-09 07:41:56.312 | 	at org.springframework.http.client.InterceptingClientHttpRequest$InterceptingRequestExecution.execute(InterceptingClientHttpRequest.java:112)
2025-12-09 07:41:56.312 | 	at org.springframework.cloud.netflix.eureka.http.RestTemplateTransportClientFactory.lambda$restTemplate$3(RestTemplateTransportClientFactory.java:170)
2025-12-09 07:41:56.312 | 	at org.springframework.http.client.InterceptingClientHttpRequest$InterceptingRequestExecution.execute(InterceptingClientHttpRequest.java:88)
2025-12-09 07:41:56.312 | 	at org.springframework.http.client.InterceptingClientHttpRequest.executeInternal(InterceptingClientHttpRequest.java:72)
2025-12-09 07:41:56.312 | 	at org.springframework.http.client.AbstractBufferingClientHttpRequest.executeInternal(AbstractBufferingClientHttpRequest.java:48)
2025-12-09 07:41:56.312 | 	at org.springframework.http.client.AbstractClientHttpRequest.execute(AbstractClientHttpRequest.java:66)
2025-12-09 07:41:56.312 | 	at org.springframework.web.client.RestTemplate.doExecute(RestTemplate.java:889)
2025-12-09 07:41:56.312 | 	... 74 more
2025-12-09 07:41:56.312 | 
2025-12-09 07:41:56.314 | 2025-12-09T02:11:56.313Z  WARN 1 --- [api-gateway] [           main] c.n.d.s.t.d.RetryableEurekaHttpClient    : Request execution failed with message: I/O error on GET request for "http://eureka-server:8761/eureka/apps/": Connect to http://eureka-server:8761 [eureka-server/172.19.0.3] failed: Connection refused
2025-12-09 07:41:56.330 | 2025-12-09T02:11:56.316Z  INFO 1 --- [api-gateway] [           main] com.netflix.discovery.DiscoveryClient    : DiscoveryClient_API-GATEWAY/da610af47071:api-gateway:8081 - was unable to refresh its cache! This periodic background refresh will be retried in 30 seconds. status = Cannot execute request on any known server stacktrace = com.netflix.discovery.shared.transport.TransportException: Cannot execute request on any known server
2025-12-09 07:41:56.330 | 	at com.netflix.discovery.shared.transport.decorator.RetryableEurekaHttpClient.execute(RetryableEurekaHttpClient.java:112)
2025-12-09 07:41:56.330 | 	at com.netflix.discovery.shared.transport.decorator.EurekaHttpClientDecorator.getApplications(EurekaHttpClientDecorator.java:134)
2025-12-09 07:41:56.330 | 	at com.netflix.discovery.shared.transport.decorator.EurekaHttpClientDecorator$6.execute(EurekaHttpClientDecorator.java:137)
2025-12-09 07:41:56.330 | 	at com.netflix.discovery.shared.transport.decorator.SessionedEurekaHttpClient.execute(SessionedEurekaHttpClient.java:76)
2025-12-09 07:41:56.330 | 	at com.netflix.discovery.shared.transport.decorator.EurekaHttpClientDecorator.getApplications(EurekaHttpClientDecorator.java:134)
2025-12-09 07:41:56.330 | 	at com.netflix.discovery.DiscoveryClient.getAndStoreFullRegistry(DiscoveryClient.java:1046)
2025-12-09 07:41:56.330 | 	at com.netflix.discovery.DiscoveryClient.fetchRegistry(DiscoveryClient.java:961)
2025-12-09 07:41:56.330 | 	at com.netflix.discovery.DiscoveryClient.<init>(DiscoveryClient.java:410)
2025-12-09 07:41:56.330 | 	at com.netflix.discovery.DiscoveryClient.<init>(DiscoveryClient.java:245)
2025-12-09 07:41:56.330 | 	at com.netflix.discovery.DiscoveryClient.<init>(DiscoveryClient.java:240)
2025-12-09 07:41:56.330 | 	at org.springframework.cloud.netflix.eureka.CloudEurekaClient.<init>(CloudEurekaClient.java:68)
2025-12-09 07:41:56.330 | 	at org.springframework.cloud.netflix.eureka.EurekaClientAutoConfiguration$RefreshableEurekaClientConfiguration.eurekaClient(EurekaClientAutoConfiguration.java:321)
2025-12-09 07:41:56.330 | 	at java.base/jdk.internal.reflect.NativeMethodAccessorImpl.invoke0(Native Method)
2025-12-09 07:41:56.330 | 	at java.base/jdk.internal.reflect.NativeMethodAccessorImpl.invoke(Unknown Source)
2025-12-09 07:41:56.330 | 	at java.base/jdk.internal.reflect.DelegatingMethodAccessorImpl.invoke(Unknown Source)
2025-12-09 07:41:56.330 | 	at java.base/java.lang.reflect.Method.invoke(Unknown Source)
2025-12-09 07:41:56.330 | 	at org.springframework.beans.factory.support.SimpleInstantiationStrategy.instantiate(SimpleInstantiationStrategy.java:140)
2025-12-09 07:41:56.330 | 	at org.springframework.beans.factory.support.ConstructorResolver.instantiate(ConstructorResolver.java:644)
2025-12-09 07:41:56.330 | 	at org.springframework.beans.factory.support.ConstructorResolver.instantiateUsingFactoryMethod(ConstructorResolver.java:636)
2025-12-09 07:41:56.330 | 	at org.springframework.beans.factory.support.AbstractAutowireCapableBeanFactory.instantiateUsingFactoryMethod(AbstractAutowireCapableBeanFactory.java:1337)
2025-12-09 07:41:56.330 | 	at org.springframework.beans.factory.support.AbstractAutowireCapableBeanFactory.createBeanInstance(AbstractAutowireCapableBeanFactory.java:1167)
2025-12-09 07:41:56.330 | 	at org.springframework.beans.factory.support.AbstractAutowireCapableBeanFactory.doCreateBean(AbstractAutowireCapableBeanFactory.java:562)
2025-12-09 07:41:56.330 | 	at org.springframework.beans.factory.support.AbstractAutowireCapableBeanFactory.createBean(AbstractAutowireCapableBeanFactory.java:522)
2025-12-09 07:41:56.330 | 	at org.springframework.beans.factory.support.AbstractBeanFactory.lambda$doGetBean$1(AbstractBeanFactory.java:376)
2025-12-09 07:41:56.330 | 	at org.springframework.cloud.context.scope.GenericScope$BeanLifecycleWrapper.getBean(GenericScope.java:375)
2025-12-09 07:41:56.330 | 	at org.springframework.cloud.context.scope.GenericScope.get(GenericScope.java:179)
2025-12-09 07:41:56.330 | 	at org.springframework.beans.factory.support.AbstractBeanFactory.doGetBean(AbstractBeanFactory.java:373)
2025-12-09 07:41:56.330 | 	at org.springframework.beans.factory.support.AbstractBeanFactory.getBean(AbstractBeanFactory.java:200)
2025-12-09 07:41:56.330 | 	at org.springframework.aop.target.SimpleBeanTargetSource.getTarget(SimpleBeanTargetSource.java:35)
2025-12-09 07:41:56.330 | 	at org.springframework.cloud.netflix.eureka.serviceregistry.EurekaRegistration.getTargetObject(EurekaRegistration.java:128)
2025-12-09 07:41:56.330 | 	at org.springframework.cloud.netflix.eureka.serviceregistry.EurekaRegistration.getEurekaClient(EurekaRegistration.java:116)
2025-12-09 07:41:56.330 | 	at java.base/jdk.internal.reflect.NativeMethodAccessorImpl.invoke0(Native Method)
2025-12-09 07:41:56.330 | 	at java.base/jdk.internal.reflect.NativeMethodAccessorImpl.invoke(Unknown Source)
2025-12-09 07:41:56.330 | 	at java.base/jdk.internal.reflect.DelegatingMethodAccessorImpl.invoke(Unknown Source)
2025-12-09 07:41:56.330 | 	at java.base/java.lang.reflect.Method.invoke(Unknown Source)
2025-12-09 07:41:56.330 | 	at org.springframework.util.ReflectionUtils.invokeMethod(ReflectionUtils.java:281)
2025-12-09 07:41:56.330 | 	at org.springframework.cloud.context.scope.GenericScope$LockedScopedProxyFactoryBean.invoke(GenericScope.java:482)
2025-12-09 07:41:56.330 | 	at org.springframework.aop.framework.ReflectiveMethodInvocation.proceed(ReflectiveMethodInvocation.java:184)
2025-12-09 07:41:56.330 | 	at org.springframework.aop.framework.CglibAopProxy$CglibMethodInvocation.proceed(CglibAopProxy.java:768)
2025-12-09 07:41:56.330 | 	at org.springframework.aop.framework.CglibAopProxy$DynamicAdvisedInterceptor.intercept(CglibAopProxy.java:720)
2025-12-09 07:41:56.330 | 	at org.springframework.cloud.netflix.eureka.serviceregistry.EurekaRegistration$$SpringCGLIB$$0.getEurekaClient(<generated>)
2025-12-09 07:41:56.330 | 	at org.springframework.cloud.netflix.eureka.serviceregistry.EurekaServiceRegistry.maybeInitializeClient(EurekaServiceRegistry.java:83)
2025-12-09 07:41:56.330 | 	at org.springframework.cloud.netflix.eureka.serviceregistry.EurekaServiceRegistry.register(EurekaServiceRegistry.java:66)
2025-12-09 07:41:56.330 | 	at org.springframework.cloud.netflix.eureka.serviceregistry.EurekaAutoServiceRegistration.start(EurekaAutoServiceRegistration.java:89)
2025-12-09 07:41:56.330 | 	at org.springframework.context.support.DefaultLifecycleProcessor.doStart(DefaultLifecycleProcessor.java:285)
2025-12-09 07:41:56.330 | 	at org.springframework.context.support.DefaultLifecycleProcessor$LifecycleGroup.start(DefaultLifecycleProcessor.java:469)
2025-12-09 07:41:56.330 | 	at java.base/java.lang.Iterable.forEach(Unknown Source)
2025-12-09 07:41:56.330 | 	at org.springframework.context.support.DefaultLifecycleProcessor.startBeans(DefaultLifecycleProcessor.java:257)
2025-12-09 07:41:56.330 | 	at org.springframework.context.support.DefaultLifecycleProcessor.onRefresh(DefaultLifecycleProcessor.java:202)
2025-12-09 07:41:56.330 | 	at org.springframework.context.support.AbstractApplicationContext.finishRefresh(AbstractApplicationContext.java:981)
2025-12-09 07:41:56.330 | 	at org.springframework.context.support.AbstractApplicationContext.refresh(AbstractApplicationContext.java:627)
2025-12-09 07:41:56.330 | 	at org.springframework.boot.web.reactive.context.ReactiveWebServerApplicationContext.refresh(ReactiveWebServerApplicationContext.java:66)
2025-12-09 07:41:56.330 | 	at org.springframework.boot.SpringApplication.refresh(SpringApplication.java:754)
2025-12-09 07:41:56.330 | 	at org.springframework.boot.SpringApplication.refreshContext(SpringApplication.java:456)
2025-12-09 07:41:56.330 | 	at org.springframework.boot.SpringApplication.run(SpringApplication.java:335)
2025-12-09 07:41:56.330 | 	at org.springframework.boot.SpringApplication.run(SpringApplication.java:1363)
2025-12-09 07:41:56.330 | 	at org.springframework.boot.SpringApplication.run(SpringApplication.java:1352)
2025-12-09 07:41:56.330 | 	at com.flightapp.apigateway.ApiGatewayApplication.main(ApiGatewayApplication.java:10)
2025-12-09 07:41:56.330 | 	at java.base/jdk.internal.reflect.NativeMethodAccessorImpl.invoke0(Native Method)
2025-12-09 07:41:56.330 | 	at java.base/jdk.internal.reflect.NativeMethodAccessorImpl.invoke(Unknown Source)
2025-12-09 07:41:56.330 | 	at java.base/jdk.internal.reflect.DelegatingMethodAccessorImpl.invoke(Unknown Source)
2025-12-09 07:41:56.330 | 	at java.base/java.lang.reflect.Method.invoke(Unknown Source)
2025-12-09 07:41:56.330 | 	at org.springframework.boot.loader.launch.Launcher.launch(Launcher.java:91)
2025-12-09 07:41:56.330 | 	at org.springframework.boot.loader.launch.Launcher.launch(Launcher.java:53)
2025-12-09 07:41:56.330 | 	at org.springframework.boot.loader.launch.JarLauncher.main(JarLauncher.java:58)
2025-12-09 07:41:56.330 | 
2025-12-09 07:41:56.330 | 2025-12-09T02:11:56.327Z  INFO 1 --- [api-gateway] [           main] com.netflix.discovery.DiscoveryClient    : Initial registry fetch from primary servers failed
2025-12-09 07:41:56.330 | 2025-12-09T02:11:56.328Z  WARN 1 --- [api-gateway] [           main] com.netflix.discovery.DiscoveryClient    : Using default backup registry implementation which does not do anything.
2025-12-09 07:41:56.331 | 2025-12-09T02:11:56.330Z  INFO 1 --- [api-gateway] [           main] com.netflix.discovery.DiscoveryClient    : Initial registry fetch from backup servers failed
2025-12-09 07:41:56.362 | 2025-12-09T02:11:56.359Z  INFO 1 --- [api-gateway] [           main] com.netflix.discovery.DiscoveryClient    : Starting heartbeat executor: renew interval is: 30
2025-12-09 07:41:56.394 | 2025-12-09T02:11:56.393Z  INFO 1 --- [api-gateway] [           main] c.n.discovery.InstanceInfoReplicator     : InstanceInfoReplicator onDemand update allowed rate per min is 4
2025-12-09 07:41:56.422 | 2025-12-09T02:11:56.414Z  INFO 1 --- [api-gateway] [           main] com.netflix.discovery.DiscoveryClient    : Discovery Client initialized at timestamp 1765246316410 with initial instances count: 0
2025-12-09 07:41:56.518 | 2025-12-09T02:11:56.510Z  INFO 1 --- [api-gateway] [           main] o.s.c.n.e.s.EurekaServiceRegistry        : Registering application API-GATEWAY with eureka with status UP
2025-12-09 07:41:56.630 | 2025-12-09T02:11:56.584Z  INFO 1 --- [api-gateway] [           main] com.netflix.discovery.DiscoveryClient    : Saw local status change event StatusChangeEvent [timestamp=1765246316584, current=UP, previous=STARTING]
2025-12-09 07:41:56.709 | 2025-12-09T02:11:56.698Z  INFO 1 --- [api-gateway] [foReplicator-%d] com.netflix.discovery.DiscoveryClient    : DiscoveryClient_API-GATEWAY/da610af47071:api-gateway:8081: registering service...
2025-12-09 07:42:02.645 | 2025-12-09T02:12:02.640Z  INFO 1 --- [api-gateway] [           main] o.s.b.web.embedded.netty.NettyWebServer  : Netty started on port 8081
2025-12-09 07:42:02.679 | 2025-12-09T02:12:02.677Z  INFO 1 --- [api-gateway] [           main] .s.c.n.e.s.EurekaAutoServiceRegistration : Updating port to 8081
2025-12-09 07:42:04.559 | 2025-12-09T02:12:04.540Z  INFO 1 --- [api-gateway] [           main] c.f.apigateway.ApiGatewayApplication     : Started ApiGatewayApplication in 97.918 seconds (process running for 107.927)
2025-12-09 07:42:14.538 | 2025-12-09T02:12:14.529Z  INFO 1 --- [api-gateway] [foReplicator-%d] com.netflix.discovery.DiscoveryClient    : DiscoveryClient_API-GATEWAY/da610af47071:api-gateway:8081 - registration status: 204
2025-12-09 07:42:26.330 | 2025-12-09T02:12:26.328Z  INFO 1 --- [api-gateway] [reshExecutor-%d] com.netflix.discovery.DiscoveryClient    : Disable delta property : false
2025-12-09 07:42:26.331 | 2025-12-09T02:12:26.329Z  INFO 1 --- [api-gateway] [reshExecutor-%d] com.netflix.discovery.DiscoveryClient    : Single vip registry refresh property : null
2025-12-09 07:42:26.331 | 2025-12-09T02:12:26.330Z  INFO 1 --- [api-gateway] [reshExecutor-%d] com.netflix.discovery.DiscoveryClient    : Force full registry fetch : false
2025-12-09 07:42:26.331 | 2025-12-09T02:12:26.330Z  INFO 1 --- [api-gateway] [reshExecutor-%d] com.netflix.discovery.DiscoveryClient    : Application is null : false
2025-12-09 07:42:26.331 | 2025-12-09T02:12:26.330Z  INFO 1 --- [api-gateway] [reshExecutor-%d] com.netflix.discovery.DiscoveryClient    : Registered Applications size is zero : true
2025-12-09 07:42:26.331 | 2025-12-09T02:12:26.330Z  INFO 1 --- [api-gateway] [reshExecutor-%d] com.netflix.discovery.DiscoveryClient    : Application version is -1: true
2025-12-09 07:42:26.331 | 2025-12-09T02:12:26.330Z  INFO 1 --- [api-gateway] [reshExecutor-%d] com.netflix.discovery.DiscoveryClient    : Getting all instance registry info from the eureka server
2025-12-09 07:42:26.927 | 2025-12-09T02:12:26.923Z  INFO 1 --- [api-gateway] [reshExecutor-%d] com.netflix.discovery.DiscoveryClient    : The response status is 200
2025-12-09 07:42:57.001 | 2025-12-09T02:12:57.000Z  INFO 1 --- [api-gateway] [reshExecutor-%d] com.netflix.discovery.DiscoveryClient    : Disable delta property : false
2025-12-09 07:42:57.005 | 2025-12-09T02:12:57.001Z  INFO 1 --- [api-gateway] [reshExecutor-%d] com.netflix.discovery.DiscoveryClient    : Single vip registry refresh property : null
2025-12-09 07:42:57.005 | 2025-12-09T02:12:57.001Z  INFO 1 --- [api-gateway] [reshExecutor-%d] com.netflix.discovery.DiscoveryClient    : Force full registry fetch : false
2025-12-09 07:42:57.005 | 2025-12-09T02:12:57.001Z  INFO 1 --- [api-gateway] [reshExecutor-%d] com.netflix.discovery.DiscoveryClient    : Application is null : false
2025-12-09 07:42:57.005 | 2025-12-09T02:12:57.001Z  INFO 1 --- [api-gateway] [reshExecutor-%d] com.netflix.discovery.DiscoveryClient    : Registered Applications size is zero : true
2025-12-09 07:42:57.005 | 2025-12-09T02:12:57.001Z  INFO 1 --- [api-gateway] [reshExecutor-%d] com.netflix.discovery.DiscoveryClient    : Application version is -1: false
2025-12-09 07:42:57.005 | 2025-12-09T02:12:57.002Z  INFO 1 --- [api-gateway] [reshExecutor-%d] com.netflix.discovery.DiscoveryClient    : Getting all instance registry info from the eureka server
2025-12-09 07:42:57.562 | 2025-12-09T02:12:57.555Z  INFO 1 --- [api-gateway] [reshExecutor-%d] com.netflix.discovery.DiscoveryClient    : The response status is 200
2025-12-09 07:45:36.650 | 2025-12-09T02:15:36.648Z  INFO 1 --- [api-gateway] [ionShutdownHook] o.s.c.n.e.s.EurekaServiceRegistry        : Unregistering application API-GATEWAY with eureka with status DOWN
2025-12-09 07:45:36.655 | 2025-12-09T02:15:36.650Z  INFO 1 --- [api-gateway] [ionShutdownHook] com.netflix.discovery.DiscoveryClient    : Saw local status change event StatusChangeEvent [timestamp=1765246536650, current=DOWN, previous=UP]
2025-12-09 07:45:36.655 | 2025-12-09T02:15:36.652Z  INFO 1 --- [api-gateway] [foReplicator-%d] com.netflix.discovery.DiscoveryClient    : DiscoveryClient_API-GATEWAY/da610af47071:api-gateway:8081: registering service...
2025-12-09 07:45:36.716 | 2025-12-09T02:15:36.710Z  INFO 1 --- [api-gateway] [foReplicator-%d] com.netflix.discovery.DiscoveryClient    : DiscoveryClient_API-GATEWAY/da610af47071:api-gateway:8081 - registration status: 204
2025-12-09 07:45:38.773 | 2025-12-09T02:15:38.772Z  INFO 1 --- [api-gateway] [ionShutdownHook] com.netflix.discovery.DiscoveryClient    : Shutting down DiscoveryClient ...
2025-12-09 07:45:41.775 | 2025-12-09T02:15:41.774Z  INFO 1 --- [api-gateway] [ionShutdownHook] com.netflix.discovery.DiscoveryClient    : Unregistering ...
2025-12-09 07:45:41.823 | 2025-12-09T02:15:41.821Z  INFO 1 --- [api-gateway] [ionShutdownHook] com.netflix.discovery.DiscoveryClient    : DiscoveryClient_API-GATEWAY/da610af47071:api-gateway:8081 - deregister  status: 200
2025-12-09 07:45:41.824 | 2025-12-09T02:15:41.823Z  INFO 1 --- [api-gateway] [ionShutdownHook] com.netflix.discovery.DiscoveryClient    : Completed shut down of DiscoveryClient