2025-12-09 06:40:08.955 | 
2025-12-09 06:40:08.976 |   .   ____          _            __ _ _
2025-12-09 06:40:08.976 |  /\\ / ___'_ __ _ _(_)_ __  __ _ \ \ \ \
2025-12-09 06:40:08.977 | ( ( )\___ | '_ | '_| | '_ \/ _` | \ \ \ \
2025-12-09 06:40:08.977 |  \\/  ___)| |_)| | | | | || (_| |  ) ) ) )
2025-12-09 06:40:08.977 |   '  |____| .__|_| |_|_| |_\__, | / / / /
2025-12-09 06:40:08.978 |  =========|_|==============|___/=/_/_/_/
2025-12-09 06:40:09.110 |  :: Spring Boot ::                (v3.2.7)
2025-12-09 06:40:09.138 | 
2025-12-09 06:40:10.515 | 2025-12-09T01:10:10.495Z  INFO 1 --- [booking-service] [           main] c.f.b.BookingServiceApplication          : Starting BookingServiceApplication v0.0.1-SNAPSHOT using Java 17.0.17 with PID 1 (/app/app.jar started by root in /app)
2025-12-09 06:40:10.522 | 2025-12-09T01:10:10.518Z DEBUG 1 --- [booking-service] [           main] c.f.b.BookingServiceApplication          : Running with Spring Boot v3.2.7, Spring v6.1.10
2025-12-09 06:40:10.547 | 2025-12-09T01:10:10.540Z  INFO 1 --- [booking-service] [           main] c.f.b.BookingServiceApplication          : No active profile set, falling back to 1 default profile: "default"
2025-12-09 06:40:11.667 | 2025-12-09T01:10:11.664Z  INFO 1 --- [booking-service] [           main] o.s.c.c.c.ConfigServerConfigDataLoader   : Fetching config from server at : http://config-server:8888
2025-12-09 06:40:11.667 | 2025-12-09T01:10:11.665Z  INFO 1 --- [booking-service] [           main] o.s.c.c.c.ConfigServerConfigDataLoader   : Exception on Url - http://config-server:8888:org.springframework.web.client.ResourceAccessException: I/O error on GET request for "http://config-server:8888/booking-service/default": Connection refused. Will be trying the next url if available
2025-12-09 06:40:11.667 | 2025-12-09T01:10:11.665Z  WARN 1 --- [booking-service] [           main] o.s.c.c.c.ConfigServerConfigDataLoader   : Could not locate PropertySource ([ConfigServerConfigDataResource@631e06ab uris = array<String>['http://config-server:8888'], optional = true, profiles = 'default']): I/O error on GET request for "http://config-server:8888/booking-service/default": Connection refused
2025-12-09 06:40:11.667 | 2025-12-09T01:10:11.665Z  INFO 1 --- [booking-service] [           main] o.s.c.c.c.ConfigServerConfigDataLoader   : Fetching config from server at : http://localhost:8888
2025-12-09 06:40:11.667 | 2025-12-09T01:10:11.666Z  INFO 1 --- [booking-service] [           main] o.s.c.c.c.ConfigServerConfigDataLoader   : Exception on Url - http://localhost:8888:org.springframework.web.client.ResourceAccessException: I/O error on GET request for "http://localhost:8888/booking-service/dev": Connection refused. Will be trying the next url if available
2025-12-09 06:40:11.756 | 2025-12-09T01:10:11.666Z  WARN 1 --- [booking-service] [           main] o.s.c.c.c.ConfigServerConfigDataLoader   : Could not locate PropertySource ([ConfigServerConfigDataResource@117e0fe5 uris = array<String>['http://localhost:8888'], optional = true, profiles = 'dev']): I/O error on GET request for "http://localhost:8888/booking-service/dev": Connection refused
2025-12-09 06:40:11.760 | 2025-12-09T01:10:11.757Z  INFO 1 --- [booking-service] [           main] o.s.c.c.c.ConfigServerConfigDataLoader   : Fetching config from server at : http://config-server:8888
2025-12-09 06:40:11.777 | 2025-12-09T01:10:11.773Z  INFO 1 --- [booking-service] [           main] o.s.c.c.c.ConfigServerConfigDataLoader   : Exception on Url - http://config-server:8888:org.springframework.web.client.ResourceAccessException: I/O error on GET request for "http://config-server:8888/booking-service/dev": Connection refused. Will be trying the next url if available
2025-12-09 06:40:11.778 | 2025-12-09T01:10:11.778Z  WARN 1 --- [booking-service] [           main] o.s.c.c.c.ConfigServerConfigDataLoader   : Could not locate PropertySource ([ConfigServerConfigDataResource@5ac86ba5 uris = array<String>['http://config-server:8888'], optional = true, profiles = 'dev']): I/O error on GET request for "http://config-server:8888/booking-service/dev": Connection refused
2025-12-09 06:40:11.779 | 2025-12-09T01:10:11.778Z  INFO 1 --- [booking-service] [           main] o.s.c.c.c.ConfigServerConfigDataLoader   : Fetching config from server at : http://config-server:8888
2025-12-09 06:40:11.780 | 2025-12-09T01:10:11.779Z  INFO 1 --- [booking-service] [           main] o.s.c.c.c.ConfigServerConfigDataLoader   : Exception on Url - http://config-server:8888:org.springframework.web.client.ResourceAccessException: I/O error on GET request for "http://config-server:8888/booking-service/dev": Connection refused. Will be trying the next url if available
2025-12-09 06:40:11.780 | 2025-12-09T01:10:11.780Z  WARN 1 --- [booking-service] [           main] o.s.c.c.c.ConfigServerConfigDataLoader   : Could not locate PropertySource ([ConfigServerConfigDataResource@6c67e137 uris = array<String>['http://config-server:8888'], optional = true, profiles = 'dev']): I/O error on GET request for "http://config-server:8888/booking-service/dev": Connection refused
2025-12-09 06:40:11.781 | 2025-12-09T01:10:11.781Z  INFO 1 --- [booking-service] [           main] o.s.c.c.c.ConfigServerConfigDataLoader   : Fetching config from server at : http://localhost:8888
2025-12-09 06:40:11.782 | 2025-12-09T01:10:11.781Z  INFO 1 --- [booking-service] [           main] o.s.c.c.c.ConfigServerConfigDataLoader   : Exception on Url - http://localhost:8888:org.springframework.web.client.ResourceAccessException: I/O error on GET request for "http://localhost:8888/booking-service/dev": Connection refused. Will be trying the next url if available
2025-12-09 06:40:11.782 | 2025-12-09T01:10:11.782Z  WARN 1 --- [booking-service] [           main] o.s.c.c.c.ConfigServerConfigDataLoader   : Could not locate PropertySource ([ConfigServerConfigDataResource@191ae03f uris = array<String>['http://localhost:8888'], optional = true, profiles = 'dev']): I/O error on GET request for "http://localhost:8888/booking-service/dev": Connection refused
2025-12-09 06:40:11.783 | 2025-12-09T01:10:11.783Z  INFO 1 --- [booking-service] [           main] o.s.c.c.c.ConfigServerConfigDataLoader   : Fetching config from server at : http://localhost:8888
2025-12-09 06:40:11.790 | 2025-12-09T01:10:11.789Z  INFO 1 --- [booking-service] [           main] o.s.c.c.c.ConfigServerConfigDataLoader   : Exception on Url - http://localhost:8888:org.springframework.web.client.ResourceAccessException: I/O error on GET request for "http://localhost:8888/booking-service/dev": Connection refused. Will be trying the next url if available
2025-12-09 06:40:11.791 | 2025-12-09T01:10:11.790Z  WARN 1 --- [booking-service] [           main] o.s.c.c.c.ConfigServerConfigDataLoader   : Could not locate PropertySource ([ConfigServerConfigDataResource@9635fa uris = array<String>['http://localhost:8888'], optional = true, profiles = 'dev']): I/O error on GET request for "http://localhost:8888/booking-service/dev": Connection refused
2025-12-09 06:40:26.866 | 2025-12-09T01:10:26.856Z  INFO 1 --- [booking-service] [           main] .s.d.r.c.RepositoryConfigurationDelegate : Bootstrapping Spring Data MongoDB repositories in DEFAULT mode.
2025-12-09 06:40:30.053 | 2025-12-09T01:10:30.050Z  INFO 1 --- [booking-service] [           main] .s.d.r.c.RepositoryConfigurationDelegate : Finished Spring Data repository scanning in 3091 ms. Found 1 MongoDB repository interface.
2025-12-09 06:40:36.833 | 2025-12-09T01:10:36.832Z  INFO 1 --- [booking-service] [           main] o.s.cloud.context.scope.GenericScope     : BeanFactory id=f4205675-0289-3503-bb61-2a1935643ba9
2025-12-09 06:40:38.200 | 2025-12-09T01:10:38.199Z  WARN 1 --- [booking-service] [           main] trationDelegate$BeanPostProcessorChecker : Bean 'org.springframework.cloud.client.loadbalancer.LoadBalancerAutoConfiguration$DeferringLoadBalancerInterceptorConfig' of type [org.springframework.cloud.client.loadbalancer.LoadBalancerAutoConfiguration$DeferringLoadBalancerInterceptorConfig] is not eligible for getting processed by all BeanPostProcessors (for example: not eligible for auto-proxying). The currently created BeanPostProcessor [lbRestClientPostProcessor] is declared through a non-static factory method on that class; consider declaring it as static instead.
2025-12-09 06:40:38.229 | 2025-12-09T01:10:38.228Z  WARN 1 --- [booking-service] [           main] trationDelegate$BeanPostProcessorChecker : Bean 'deferringLoadBalancerInterceptor' of type [org.springframework.cloud.client.loadbalancer.DeferringLoadBalancerInterceptor] is not eligible for getting processed by all BeanPostProcessors (for example: not eligible for auto-proxying). Is this bean getting eagerly injected into a currently created BeanPostProcessor [lbRestClientPostProcessor]? Check the corresponding BeanPostProcessor declaration and its dependencies.
2025-12-09 06:40:44.098 | 2025-12-09T01:10:44.044Z  INFO 1 --- [booking-service] [           main] o.s.b.w.embedded.tomcat.TomcatWebServer  : Tomcat initialized with port 8082 (http)
2025-12-09 06:40:44.383 | 2025-12-09T01:10:44.382Z  INFO 1 --- [booking-service] [           main] o.apache.catalina.core.StandardService   : Starting service [Tomcat]
2025-12-09 06:40:44.405 | 2025-12-09T01:10:44.398Z  INFO 1 --- [booking-service] [           main] o.apache.catalina.core.StandardEngine    : Starting Servlet engine: [Apache Tomcat/10.1.25]
2025-12-09 06:40:44.784 | 2025-12-09T01:10:44.778Z  INFO 1 --- [booking-service] [           main] o.a.c.c.C.[Tomcat].[localhost].[/]       : Initializing Spring embedded WebApplicationContext
2025-12-09 06:40:44.787 | 2025-12-09T01:10:44.787Z  INFO 1 --- [booking-service] [           main] w.s.c.ServletWebServerApplicationContext : Root WebApplicationContext: initialization completed in 32959 ms
2025-12-09 06:40:58.870 | 2025-12-09T01:10:58.865Z  INFO 1 --- [booking-service] [           main] org.mongodb.driver.client                : MongoClient with metadata {"driver": {"name": "mongo-java-driver|sync|spring-boot", "version": "4.11.2"}, "os": {"type": "Linux", "name": "Linux", "architecture": "amd64", "version": "6.6.87.2-microsoft-standard-WSL2"}, "platform": "Java/Eclipse Adoptium/17.0.17+10"} created with settings MongoClientSettings{readPreference=primary, writeConcern=WriteConcern{w=null, wTimeout=null ms, journal=null}, retryWrites=true, retryReads=true, readConcern=ReadConcern{level=null}, credential=null, transportSettings=null, streamFactoryFactory=null, commandListeners=[io.micrometer.core.instrument.binder.mongodb.MongoMetricsCommandListener@2d7aa291], codecRegistry=ProvidersCodecRegistry{codecProviders=[ValueCodecProvider{}, BsonValueCodecProvider{}, DBRefCodecProvider{}, DBObjectCodecProvider{}, DocumentCodecProvider{}, CollectionCodecProvider{}, IterableCodecProvider{}, MapCodecProvider{}, GeoJsonCodecProvider{}, GridFSFileCodecProvider{}, Jsr310CodecProvider{}, JsonObjectCodecProvider{}, BsonCodecProvider{}, EnumCodecProvider{}, com.mongodb.client.model.mql.ExpressionCodecProvider@1ba7db2a, com.mongodb.Jep395RecordCodecProvider@762cdf46, com.mongodb.KotlinCodecProvider@54e94de9]}, loggerSettings=LoggerSettings{maxDocumentLength=1000}, clusterSettings={hosts=[mongodb:27017], srvServiceName=mongodb, mode=SINGLE, requiredClusterType=UNKNOWN, requiredReplicaSetName='null', serverSelector='null', clusterListeners='[]', serverSelectionTimeout='30000 ms', localThreshold='15 ms'}, socketSettings=SocketSettings{connectTimeoutMS=10000, readTimeoutMS=0, receiveBufferSize=0, proxySettings=ProxySettings{host=null, port=null, username=null, password=null}}, heartbeatSocketSettings=SocketSettings{connectTimeoutMS=10000, readTimeoutMS=10000, receiveBufferSize=0, proxySettings=ProxySettings{host=null, port=null, username=null, password=null}}, connectionPoolSettings=ConnectionPoolSettings{maxSize=100, minSize=0, maxWaitTimeMS=120000, maxConnectionLifeTimeMS=0, maxConnectionIdleTimeMS=0, maintenanceInitialDelayMS=0, maintenanceFrequencyMS=60000, connectionPoolListeners=[io.micrometer.core.instrument.binder.mongodb.MongoMetricsConnectionPoolListener@2cff03cf], maxConnecting=2}, serverSettings=ServerSettings{heartbeatFrequencyMS=10000, minHeartbeatFrequencyMS=500, serverListeners='[]', serverMonitorListeners='[]'}, sslSettings=SslSettings{enabled=false, invalidHostNameAllowed=false, context=null}, applicationName='null', compressorList=[], uuidRepresentation=JAVA_LEGACY, serverApi=null, autoEncryptionSettings=null, dnsClient=null, inetAddressResolver=null, contextProvider=null}
2025-12-09 06:40:59.079 | 2025-12-09T01:10:59.078Z  INFO 1 --- [booking-service] [}-mongodb:27017] org.mongodb.driver.cluster               : Monitor thread successfully connected to server with description ServerDescription{address=mongodb:27017, type=STANDALONE, state=CONNECTED, ok=true, minWireVersion=0, maxWireVersion=17, maxDocumentSize=16777216, logicalSessionTimeoutMinutes=30, roundTripTimeNanos=736397797}
2025-12-09 06:41:11.999 | 2025-12-09T01:11:11.990Z  INFO 1 --- [booking-service] [           main] o.s.c.openfeign.FeignClientFactoryBean   : For 'flight-service' URL not provided. Will try picking an instance via load-balancing.
2025-12-09 06:41:25.296 | 2025-12-09T01:11:25.290Z  INFO 1 --- [booking-service] [           main] DiscoveryClientOptionalArgsConfiguration : Eureka HTTP Client uses RestTemplate.
2025-12-09 06:41:25.520 | 2025-12-09T01:11:25.516Z  WARN 1 --- [booking-service] [           main] iguration$LoadBalancerCaffeineWarnLogger : Spring Cloud LoadBalancer is currently working with the default cache. While this cache implementation is useful for development and tests, it's recommended to use Caffeine cache in production.You can switch to using Caffeine cache, by adding it and org.springframework.cache.caffeine.CaffeineCacheManager to the classpath.
2025-12-09 06:41:25.661 | 2025-12-09T01:11:25.660Z  INFO 1 --- [booking-service] [           main] o.s.b.a.e.web.EndpointLinksResolver      : Exposing 26 endpoint(s) beneath base path '/actuator'
2025-12-09 06:41:26.195 | 2025-12-09T01:11:26.192Z  INFO 1 --- [booking-service] [           main] o.s.c.n.eureka.InstanceInfoFactory       : Setting initial instance status as: STARTING
2025-12-09 06:41:26.372 | 2025-12-09T01:11:26.364Z  INFO 1 --- [booking-service] [           main] com.netflix.discovery.DiscoveryClient    : Initializing Eureka in region us-east-1
2025-12-09 06:41:26.394 | 2025-12-09T01:11:26.393Z  INFO 1 --- [booking-service] [           main] c.n.d.s.r.aws.ConfigClusterResolver      : Resolving eureka endpoints via configuration
2025-12-09 06:41:26.449 | 2025-12-09T01:11:26.448Z  INFO 1 --- [booking-service] [           main] com.netflix.discovery.DiscoveryClient    : Disable delta property : false
2025-12-09 06:41:26.450 | 2025-12-09T01:11:26.449Z  INFO 1 --- [booking-service] [           main] com.netflix.discovery.DiscoveryClient    : Single vip registry refresh property : null
2025-12-09 06:41:26.451 | 2025-12-09T01:11:26.449Z  INFO 1 --- [booking-service] [           main] com.netflix.discovery.DiscoveryClient    : Force full registry fetch : false
2025-12-09 06:41:26.451 | 2025-12-09T01:11:26.450Z  INFO 1 --- [booking-service] [           main] com.netflix.discovery.DiscoveryClient    : Application is null : false
2025-12-09 06:41:26.452 | 2025-12-09T01:11:26.451Z  INFO 1 --- [booking-service] [           main] com.netflix.discovery.DiscoveryClient    : Registered Applications size is zero : true
2025-12-09 06:41:26.453 | 2025-12-09T01:11:26.452Z  INFO 1 --- [booking-service] [           main] com.netflix.discovery.DiscoveryClient    : Application version is -1: true
2025-12-09 06:41:26.453 | 2025-12-09T01:11:26.453Z  INFO 1 --- [booking-service] [           main] com.netflix.discovery.DiscoveryClient    : Getting all instance registry info from the eureka server
2025-12-09 06:41:27.542 | 2025-12-09T01:11:27.541Z  INFO 1 --- [booking-service] [           main] com.netflix.discovery.DiscoveryClient    : The response status is 200
2025-12-09 06:41:27.546 | 2025-12-09T01:11:27.545Z  INFO 1 --- [booking-service] [           main] com.netflix.discovery.DiscoveryClient    : Starting heartbeat executor: renew interval is: 10
2025-12-09 06:41:27.556 | 2025-12-09T01:11:27.555Z  INFO 1 --- [booking-service] [           main] c.n.discovery.InstanceInfoReplicator     : InstanceInfoReplicator onDemand update allowed rate per min is 4
2025-12-09 06:41:27.562 | 2025-12-09T01:11:27.561Z  INFO 1 --- [booking-service] [           main] com.netflix.discovery.DiscoveryClient    : Discovery Client initialized at timestamp 1765242687559 with initial instances count: 0
2025-12-09 06:41:27.572 | 2025-12-09T01:11:27.571Z  INFO 1 --- [booking-service] [           main] o.s.c.n.e.s.EurekaServiceRegistry        : Registering application BOOKING-SERVICE with eureka with status UP
2025-12-09 06:41:27.574 | 2025-12-09T01:11:27.573Z  INFO 1 --- [booking-service] [           main] com.netflix.discovery.DiscoveryClient    : Saw local status change event StatusChangeEvent [timestamp=1765242687573, current=UP, previous=STARTING]
2025-12-09 06:41:27.586 | 2025-12-09T01:11:27.579Z  INFO 1 --- [booking-service] [foReplicator-%d] com.netflix.discovery.DiscoveryClient    : DiscoveryClient_BOOKING-SERVICE/0769c5dcf5e6:booking-service:8082: registering service...
2025-12-09 06:41:27.651 | 2025-12-09T01:11:27.650Z  INFO 1 --- [booking-service] [           main] o.s.b.w.embedded.tomcat.TomcatWebServer  : Tomcat started on port 8082 (http) with context path ''
2025-12-09 06:41:27.660 | 2025-12-09T01:11:27.655Z  INFO 1 --- [booking-service] [           main] .s.c.n.e.s.EurekaAutoServiceRegistration : Updating port to 8082
2025-12-09 06:41:27.700 | 2025-12-09T01:11:27.699Z  INFO 1 --- [booking-service] [           main] o.s.a.r.c.CachingConnectionFactory       : Attempting to connect to: [rabbitmq:5672]
2025-12-09 06:41:27.805 | 2025-12-09T01:11:27.804Z  INFO 1 --- [booking-service] [foReplicator-%d] com.netflix.discovery.DiscoveryClient    : DiscoveryClient_BOOKING-SERVICE/0769c5dcf5e6:booking-service:8082 - registration status: 204
2025-12-09 06:41:28.022 | 2025-12-09T01:11:28.017Z  INFO 1 --- [booking-service] [           main] o.s.a.r.c.CachingConnectionFactory       : Created new connection: rabbitConnectionFactory#11bfd751:0/SimpleConnection@32d3b965 [delegate=amqp://guest@172.19.0.4:5672/, localPort=46040]
2025-12-09 06:41:28.602 | 2025-12-09T01:11:28.601Z  INFO 1 --- [booking-service] [           main] c.f.b.BookingServiceApplication          : Started BookingServiceApplication in 96.746 seconds (process running for 154.613)
2025-12-09 06:41:57.560 | 2025-12-09T01:11:57.556Z  INFO 1 --- [booking-service] [reshExecutor-%d] com.netflix.discovery.DiscoveryClient    : Disable delta property : false
2025-12-09 06:41:57.561 | 2025-12-09T01:11:57.557Z  INFO 1 --- [booking-service] [reshExecutor-%d] com.netflix.discovery.DiscoveryClient    : Single vip registry refresh property : null
2025-12-09 06:41:57.561 | 2025-12-09T01:11:57.557Z  INFO 1 --- [booking-service] [reshExecutor-%d] com.netflix.discovery.DiscoveryClient    : Force full registry fetch : false
2025-12-09 06:41:57.561 | 2025-12-09T01:11:57.557Z  INFO 1 --- [booking-service] [reshExecutor-%d] com.netflix.discovery.DiscoveryClient    : Application is null : false
2025-12-09 06:41:57.561 | 2025-12-09T01:11:57.557Z  INFO 1 --- [booking-service] [reshExecutor-%d] com.netflix.discovery.DiscoveryClient    : Registered Applications size is zero : true
2025-12-09 06:41:57.561 | 2025-12-09T01:11:57.557Z  INFO 1 --- [booking-service] [reshExecutor-%d] com.netflix.discovery.DiscoveryClient    : Application version is -1: false
2025-12-09 06:41:57.561 | 2025-12-09T01:11:57.557Z  INFO 1 --- [booking-service] [reshExecutor-%d] com.netflix.discovery.DiscoveryClient    : Getting all instance registry info from the eureka server
2025-12-09 06:41:57.738 | 2025-12-09T01:11:57.737Z  INFO 1 --- [booking-service] [reshExecutor-%d] com.netflix.discovery.DiscoveryClient    : The response status is 200