2025-12-09 06:40:03.865 | 
2025-12-09 06:40:03.870 |   .   ____          _            __ _ _
2025-12-09 06:40:03.873 |  /\\ / ___'_ __ _ _(_)_ __  __ _ \ \ \ \
2025-12-09 06:40:03.873 | ( ( )\___ | '_ | '_| | '_ \/ _` | \ \ \ \
2025-12-09 06:40:03.873 |  \\/  ___)| |_)| | | | | || (_| |  ) ) ) )
2025-12-09 06:40:03.873 |   '  |____| .__|_| |_|_| |_\__, | / / / /
2025-12-09 06:40:03.873 |  =========|_|==============|___/=/_/_/_/
2025-12-09 06:40:03.891 |  :: Spring Boot ::                (v3.2.7)
2025-12-09 06:40:03.891 | 
2025-12-09 06:40:05.861 | 2025-12-09T01:10:05.850Z  INFO 1 --- [auth-service] [           main] c.f.authservice.AuthServiceApplication   : Starting AuthServiceApplication v0.0.1-SNAPSHOT using Java 17.0.17 with PID 1 (/app/app.jar started by root in /app)
2025-12-09 06:40:05.876 | 2025-12-09T01:10:05.875Z  INFO 1 --- [auth-service] [           main] c.f.authservice.AuthServiceApplication   : No active profile set, falling back to 1 default profile: "default"
2025-12-09 06:40:17.696 | 2025-12-09T01:10:17.695Z  INFO 1 --- [auth-service] [           main] .s.d.r.c.RepositoryConfigurationDelegate : Bootstrapping Spring Data MongoDB repositories in DEFAULT mode.
2025-12-09 06:40:19.978 | 2025-12-09T01:10:19.977Z  INFO 1 --- [auth-service] [           main] .s.d.r.c.RepositoryConfigurationDelegate : Finished Spring Data repository scanning in 2209 ms. Found 2 MongoDB repository interfaces.
2025-12-09 06:40:24.546 | 2025-12-09T01:10:24.544Z  INFO 1 --- [auth-service] [           main] o.s.cloud.context.scope.GenericScope     : BeanFactory id=0706070b-e4e1-3493-bd58-04a36a7913c5
2025-12-09 06:40:25.938 | 2025-12-09T01:10:25.937Z  WARN 1 --- [auth-service] [           main] trationDelegate$BeanPostProcessorChecker : Bean 'org.springframework.cloud.client.loadbalancer.LoadBalancerAutoConfiguration$DeferringLoadBalancerInterceptorConfig' of type [org.springframework.cloud.client.loadbalancer.LoadBalancerAutoConfiguration$DeferringLoadBalancerInterceptorConfig] is not eligible for getting processed by all BeanPostProcessors (for example: not eligible for auto-proxying). The currently created BeanPostProcessor [lbRestClientPostProcessor] is declared through a non-static factory method on that class; consider declaring it as static instead.
2025-12-09 06:40:25.977 | 2025-12-09T01:10:25.977Z  WARN 1 --- [auth-service] [           main] trationDelegate$BeanPostProcessorChecker : Bean 'deferringLoadBalancerInterceptor' of type [org.springframework.cloud.client.loadbalancer.DeferringLoadBalancerInterceptor] is not eligible for getting processed by all BeanPostProcessors (for example: not eligible for auto-proxying). Is this bean getting eagerly injected into a currently created BeanPostProcessor [lbRestClientPostProcessor]? Check the corresponding BeanPostProcessor declaration and its dependencies.
2025-12-09 06:40:29.871 | 2025-12-09T01:10:29.871Z  INFO 1 --- [auth-service] [           main] o.s.b.w.embedded.tomcat.TomcatWebServer  : Tomcat initialized with port 8084 (http)
2025-12-09 06:40:30.048 | 2025-12-09T01:10:30.047Z  INFO 1 --- [auth-service] [           main] o.apache.catalina.core.StandardService   : Starting service [Tomcat]
2025-12-09 06:40:30.061 | 2025-12-09T01:10:30.054Z  INFO 1 --- [auth-service] [           main] o.apache.catalina.core.StandardEngine    : Starting Servlet engine: [Apache Tomcat/10.1.25]
2025-12-09 06:40:31.632 | 2025-12-09T01:10:31.630Z  INFO 1 --- [auth-service] [           main] o.a.c.c.C.[Tomcat].[localhost].[/]       : Initializing Spring embedded WebApplicationContext
2025-12-09 06:40:31.672 | 2025-12-09T01:10:31.672Z  INFO 1 --- [auth-service] [           main] w.s.c.ServletWebServerApplicationContext : Root WebApplicationContext: initialization completed in 24602 ms
2025-12-09 06:40:34.666 | 2025-12-09T01:10:34.665Z  INFO 1 --- [auth-service] [           main] org.mongodb.driver.client                : MongoClient with metadata {"driver": {"name": "mongo-java-driver|sync|spring-boot", "version": "4.11.2"}, "os": {"type": "Linux", "name": "Linux", "architecture": "amd64", "version": "6.6.87.2-microsoft-standard-WSL2"}, "platform": "Java/Eclipse Adoptium/17.0.17+10"} created with settings MongoClientSettings{readPreference=primary, writeConcern=WriteConcern{w=null, wTimeout=null ms, journal=null}, retryWrites=true, retryReads=true, readConcern=ReadConcern{level=null}, credential=null, transportSettings=null, streamFactoryFactory=null, commandListeners=[], codecRegistry=ProvidersCodecRegistry{codecProviders=[ValueCodecProvider{}, BsonValueCodecProvider{}, DBRefCodecProvider{}, DBObjectCodecProvider{}, DocumentCodecProvider{}, CollectionCodecProvider{}, IterableCodecProvider{}, MapCodecProvider{}, GeoJsonCodecProvider{}, GridFSFileCodecProvider{}, Jsr310CodecProvider{}, JsonObjectCodecProvider{}, BsonCodecProvider{}, EnumCodecProvider{}, com.mongodb.client.model.mql.ExpressionCodecProvider@d3e3085, com.mongodb.Jep395RecordCodecProvider@2ba42204, com.mongodb.KotlinCodecProvider@285005b8]}, loggerSettings=LoggerSettings{maxDocumentLength=1000}, clusterSettings={hosts=[mongodb:27017], srvServiceName=mongodb, mode=SINGLE, requiredClusterType=UNKNOWN, requiredReplicaSetName='null', serverSelector='null', clusterListeners='[]', serverSelectionTimeout='30000 ms', localThreshold='15 ms'}, socketSettings=SocketSettings{connectTimeoutMS=10000, readTimeoutMS=0, receiveBufferSize=0, proxySettings=ProxySettings{host=null, port=null, username=null, password=null}}, heartbeatSocketSettings=SocketSettings{connectTimeoutMS=10000, readTimeoutMS=10000, receiveBufferSize=0, proxySettings=ProxySettings{host=null, port=null, username=null, password=null}}, connectionPoolSettings=ConnectionPoolSettings{maxSize=100, minSize=0, maxWaitTimeMS=120000, maxConnectionLifeTimeMS=0, maxConnectionIdleTimeMS=0, maintenanceInitialDelayMS=0, maintenanceFrequencyMS=60000, connectionPoolListeners=[], maxConnecting=2}, serverSettings=ServerSettings{heartbeatFrequencyMS=10000, minHeartbeatFrequencyMS=500, serverListeners='[]', serverMonitorListeners='[]'}, sslSettings=SslSettings{enabled=false, invalidHostNameAllowed=false, context=null}, applicationName='null', compressorList=[], uuidRepresentation=JAVA_LEGACY, serverApi=null, autoEncryptionSettings=null, dnsClient=null, inetAddressResolver=null, contextProvider=null}
2025-12-09 06:40:34.687 | 2025-12-09T01:10:34.686Z  INFO 1 --- [auth-service] [}-mongodb:27017] org.mongodb.driver.cluster               : Monitor thread successfully connected to server with description ServerDescription{address=mongodb:27017, type=STANDALONE, state=CONNECTED, ok=true, minWireVersion=0, maxWireVersion=17, maxDocumentSize=16777216, logicalSessionTimeoutMinutes=30, roundTripTimeNanos=204669985}
2025-12-09 06:40:55.562 | 2025-12-09T01:10:55.561Z  INFO 1 --- [auth-service] [           main] o.s.s.web.DefaultSecurityFilterChain     : Will secure any request with [org.springframework.security.web.session.DisableEncodeUrlFilter@491893f8, org.springframework.security.web.context.request.async.WebAsyncManagerIntegrationFilter@1f408ab6, org.springframework.security.web.context.SecurityContextHolderFilter@66d2885c, org.springframework.security.web.header.HeaderWriterFilter@352e5a82, org.springframework.web.filter.CorsFilter@46e388ec, org.springframework.security.web.authentication.logout.LogoutFilter@77ff14ce, com.flightapp.authservice.security.jwt.AuthTokenFilter@111a7973, org.springframework.security.web.savedrequest.RequestCacheAwareFilter@6029f2a4, org.springframework.security.web.servletapi.SecurityContextHolderAwareRequestFilter@110620d, org.springframework.security.web.authentication.AnonymousAuthenticationFilter@53f495f0, org.springframework.security.web.session.SessionManagementFilter@5df2023c, org.springframework.security.web.access.ExceptionTranslationFilter@79308a2, org.springframework.security.web.access.intercept.AuthorizationFilter@1eb906f3]
2025-12-09 06:41:02.021 | 2025-12-09T01:11:02.020Z  INFO 1 --- [auth-service] [           main] DiscoveryClientOptionalArgsConfiguration : Eureka HTTP Client uses RestTemplate.
2025-12-09 06:41:02.474 | 2025-12-09T01:11:02.459Z  WARN 1 --- [auth-service] [           main] iguration$LoadBalancerCaffeineWarnLogger : Spring Cloud LoadBalancer is currently working with the default cache. While this cache implementation is useful for development and tests, it's recommended to use Caffeine cache in production.You can switch to using Caffeine cache, by adding it and org.springframework.cache.caffeine.CaffeineCacheManager to the classpath.
2025-12-09 06:41:03.022 | 2025-12-09T01:11:03.022Z  INFO 1 --- [auth-service] [           main] o.s.c.n.eureka.InstanceInfoFactory       : Setting initial instance status as: STARTING
2025-12-09 06:41:03.924 | 2025-12-09T01:11:03.885Z  INFO 1 --- [auth-service] [           main] com.netflix.discovery.DiscoveryClient    : Initializing Eureka in region us-east-1
2025-12-09 06:41:04.082 | 2025-12-09T01:11:04.081Z  INFO 1 --- [auth-service] [           main] c.n.d.s.r.aws.ConfigClusterResolver      : Resolving eureka endpoints via configuration
2025-12-09 06:41:04.646 | 2025-12-09T01:11:04.639Z  INFO 1 --- [auth-service] [           main] com.netflix.discovery.DiscoveryClient    : Disable delta property : false
2025-12-09 06:41:04.660 | 2025-12-09T01:11:04.646Z  INFO 1 --- [auth-service] [           main] com.netflix.discovery.DiscoveryClient    : Single vip registry refresh property : null
2025-12-09 06:41:04.670 | 2025-12-09T01:11:04.652Z  INFO 1 --- [auth-service] [           main] com.netflix.discovery.DiscoveryClient    : Force full registry fetch : false
2025-12-09 06:41:04.670 | 2025-12-09T01:11:04.669Z  INFO 1 --- [auth-service] [           main] com.netflix.discovery.DiscoveryClient    : Application is null : false
2025-12-09 06:41:04.670 | 2025-12-09T01:11:04.669Z  INFO 1 --- [auth-service] [           main] com.netflix.discovery.DiscoveryClient    : Registered Applications size is zero : true
2025-12-09 06:41:04.680 | 2025-12-09T01:11:04.670Z  INFO 1 --- [auth-service] [           main] com.netflix.discovery.DiscoveryClient    : Application version is -1: true
2025-12-09 06:41:04.680 | 2025-12-09T01:11:04.675Z  INFO 1 --- [auth-service] [           main] com.netflix.discovery.DiscoveryClient    : Getting all instance registry info from the eureka server
2025-12-09 06:41:18.018 | 2025-12-09T01:11:18.016Z  INFO 1 --- [auth-service] [           main] com.netflix.discovery.DiscoveryClient    : The response status is 200
2025-12-09 06:41:18.044 | 2025-12-09T01:11:18.043Z  INFO 1 --- [auth-service] [           main] com.netflix.discovery.DiscoveryClient    : Starting heartbeat executor: renew interval is: 30
2025-12-09 06:41:18.066 | 2025-12-09T01:11:18.065Z  INFO 1 --- [auth-service] [           main] c.n.discovery.InstanceInfoReplicator     : InstanceInfoReplicator onDemand update allowed rate per min is 4
2025-12-09 06:41:18.090 | 2025-12-09T01:11:18.085Z  INFO 1 --- [auth-service] [           main] com.netflix.discovery.DiscoveryClient    : Discovery Client initialized at timestamp 1765242678076 with initial instances count: 0
2025-12-09 06:41:18.123 | 2025-12-09T01:11:18.120Z  INFO 1 --- [auth-service] [           main] o.s.c.n.e.s.EurekaServiceRegistry        : Registering application AUTH-SERVICE with eureka with status UP
2025-12-09 06:41:18.131 | 2025-12-09T01:11:18.127Z  INFO 1 --- [auth-service] [           main] com.netflix.discovery.DiscoveryClient    : Saw local status change event StatusChangeEvent [timestamp=1765242678127, current=UP, previous=STARTING]
2025-12-09 06:41:18.153 | 2025-12-09T01:11:18.150Z  INFO 1 --- [auth-service] [foReplicator-%d] com.netflix.discovery.DiscoveryClient    : DiscoveryClient_AUTH-SERVICE/22f9404817a6:auth-service:8084: registering service...
2025-12-09 06:41:18.662 | 2025-12-09T01:11:18.659Z  INFO 1 --- [auth-service] [           main] o.s.b.w.embedded.tomcat.TomcatWebServer  : Tomcat started on port 8084 (http) with context path ''
2025-12-09 06:41:18.688 | 2025-12-09T01:11:18.687Z  INFO 1 --- [auth-service] [           main] .s.c.n.e.s.EurekaAutoServiceRegistration : Updating port to 8084
2025-12-09 06:41:19.165 | 2025-12-09T01:11:19.157Z  INFO 1 --- [auth-service] [           main] c.f.authservice.AuthServiceApplication   : Started AuthServiceApplication in 81.744 seconds (process running for 144.771)
2025-12-09 06:41:20.381 | 2025-12-09T01:11:20.379Z  INFO 1 --- [auth-service] [foReplicator-%d] com.netflix.discovery.DiscoveryClient    : DiscoveryClient_AUTH-SERVICE/22f9404817a6:auth-service:8084 - registration status: 204
2025-12-09 06:41:21.051 | Roles initialized in MongoDB
2025-12-09 06:41:48.031 | 2025-12-09T01:11:48.026Z  INFO 1 --- [auth-service] [reshExecutor-%d] com.netflix.discovery.DiscoveryClient    : Disable delta property : false
2025-12-09 06:41:48.031 | 2025-12-09T01:11:48.027Z  INFO 1 --- [auth-service] [reshExecutor-%d] com.netflix.discovery.DiscoveryClient    : Single vip registry refresh property : null
2025-12-09 06:41:48.031 | 2025-12-09T01:11:48.027Z  INFO 1 --- [auth-service] [reshExecutor-%d] com.netflix.discovery.DiscoveryClient    : Force full registry fetch : false
2025-12-09 06:41:48.031 | 2025-12-09T01:11:48.028Z  INFO 1 --- [auth-service] [reshExecutor-%d] com.netflix.discovery.DiscoveryClient    : Application is null : false
2025-12-09 06:41:48.031 | 2025-12-09T01:11:48.028Z  INFO 1 --- [auth-service] [reshExecutor-%d] com.netflix.discovery.DiscoveryClient    : Registered Applications size is zero : true
2025-12-09 06:41:48.031 | 2025-12-09T01:11:48.028Z  INFO 1 --- [auth-service] [reshExecutor-%d] com.netflix.discovery.DiscoveryClient    : Application version is -1: false
2025-12-09 06:41:48.031 | 2025-12-09T01:11:48.029Z  INFO 1 --- [auth-service] [reshExecutor-%d] com.netflix.discovery.DiscoveryClient    : Getting all instance registry info from the eureka server
2025-12-09 06:41:48.153 | 2025-12-09T01:11:48.152Z  INFO 1 --- [auth-service] [reshExecutor-%d] com.netflix.discovery.DiscoveryClient    : The response status is 200