2025-12-09 07:20:14.688 | 
2025-12-09 07:20:14.688 |   .   ____          _            __ _ _
2025-12-09 07:20:14.688 |  /\\ / ___'_ __ _ _(_)_ __  __ _ \ \ \ \
2025-12-09 07:20:14.697 | ( ( )\___ | '_ | '_| | '_ \/ _` | \ \ \ \
2025-12-09 07:20:14.697 |  \\/  ___)| |_)| | | | | || (_| |  ) ) ) )
2025-12-09 07:20:14.697 |   '  |____| .__|_| |_|_| |_\__, | / / / /
2025-12-09 07:20:14.697 |  =========|_|==============|___/=/_/_/_/
2025-12-09 07:20:14.770 |  :: Spring Boot ::                (v3.2.7)
2025-12-09 07:20:14.770 | 
2025-12-09 07:20:18.554 | 2025-12-09T01:50:18.492Z  INFO 1 --- [flight-service] [           main] c.f.f.FlightServiceApplication           : Starting FlightServiceApplication v0.0.1-SNAPSHOT using Java 17.0.17 with PID 1 (/app/app.jar started by root in /app)
2025-12-09 07:20:18.619 | 2025-12-09T01:50:18.618Z DEBUG 1 --- [flight-service] [           main] c.f.f.FlightServiceApplication           : Running with Spring Boot v3.2.7, Spring v6.1.10
2025-12-09 07:20:18.655 | 2025-12-09T01:50:18.637Z  INFO 1 --- [flight-service] [           main] c.f.f.FlightServiceApplication           : No active profile set, falling back to 1 default profile: "default"
2025-12-09 07:20:20.617 | 2025-12-09T01:50:20.616Z  INFO 1 --- [flight-service] [           main] o.s.c.c.c.ConfigServerConfigDataLoader   : Fetching config from server at : http://config-server:8888
2025-12-09 07:20:20.624 | 2025-12-09T01:50:20.618Z  INFO 1 --- [flight-service] [           main] o.s.c.c.c.ConfigServerConfigDataLoader   : Exception on Url - http://config-server:8888:org.springframework.web.client.ResourceAccessException: I/O error on GET request for "http://config-server:8888/flight-service/default": Connection refused. Will be trying the next url if available
2025-12-09 07:20:20.650 | 2025-12-09T01:50:20.630Z  WARN 1 --- [flight-service] [           main] o.s.c.c.c.ConfigServerConfigDataLoader   : Could not locate PropertySource ([ConfigServerConfigDataResource@44e3760b uris = array<String>['http://config-server:8888'], optional = true, profiles = 'default']): I/O error on GET request for "http://config-server:8888/flight-service/default": Connection refused
2025-12-09 07:20:20.687 | 2025-12-09T01:50:20.650Z  INFO 1 --- [flight-service] [           main] o.s.c.c.c.ConfigServerConfigDataLoader   : Fetching config from server at : http://localhost:8888
2025-12-09 07:20:20.692 | 2025-12-09T01:50:20.687Z  INFO 1 --- [flight-service] [           main] o.s.c.c.c.ConfigServerConfigDataLoader   : Exception on Url - http://localhost:8888:org.springframework.web.client.ResourceAccessException: I/O error on GET request for "http://localhost:8888/flight-service/default": Connection refused. Will be trying the next url if available
2025-12-09 07:20:20.692 | 2025-12-09T01:50:20.688Z  WARN 1 --- [flight-service] [           main] o.s.c.c.c.ConfigServerConfigDataLoader   : Could not locate PropertySource ([ConfigServerConfigDataResource@43b4fe19 uris = array<String>['http://localhost:8888'], optional = true, profiles = 'default']): I/O error on GET request for "http://localhost:8888/flight-service/default": Connection refused
2025-12-09 07:20:20.733 | 2025-12-09T01:50:20.689Z  INFO 1 --- [flight-service] [           main] o.s.c.c.c.ConfigServerConfigDataLoader   : Fetching config from server at : http://config-server:8888
2025-12-09 07:20:20.747 | 2025-12-09T01:50:20.725Z  INFO 1 --- [flight-service] [           main] o.s.c.c.c.ConfigServerConfigDataLoader   : Exception on Url - http://config-server:8888:org.springframework.web.client.ResourceAccessException: I/O error on GET request for "http://config-server:8888/flight-service/default": Connection refused. Will be trying the next url if available
2025-12-09 07:20:20.747 | 2025-12-09T01:50:20.744Z  WARN 1 --- [flight-service] [           main] o.s.c.c.c.ConfigServerConfigDataLoader   : Could not locate PropertySource ([ConfigServerConfigDataResource@36b0fcd5 uris = array<String>['http://config-server:8888'], optional = true, profiles = 'default']): I/O error on GET request for "http://config-server:8888/flight-service/default": Connection refused
2025-12-09 07:20:20.747 | 2025-12-09T01:50:20.745Z  INFO 1 --- [flight-service] [           main] o.s.c.c.c.ConfigServerConfigDataLoader   : Fetching config from server at : http://config-server:8888
2025-12-09 07:20:20.747 | 2025-12-09T01:50:20.745Z  INFO 1 --- [flight-service] [           main] o.s.c.c.c.ConfigServerConfigDataLoader   : Exception on Url - http://config-server:8888:org.springframework.web.client.ResourceAccessException: I/O error on GET request for "http://config-server:8888/flight-service/default": Connection refused. Will be trying the next url if available
2025-12-09 07:20:20.747 | 2025-12-09T01:50:20.745Z  WARN 1 --- [flight-service] [           main] o.s.c.c.c.ConfigServerConfigDataLoader   : Could not locate PropertySource ([ConfigServerConfigDataResource@4fad94a7 uris = array<String>['http://config-server:8888'], optional = true, profiles = 'default']): I/O error on GET request for "http://config-server:8888/flight-service/default": Connection refused
2025-12-09 07:20:20.747 | 2025-12-09T01:50:20.746Z  INFO 1 --- [flight-service] [           main] o.s.c.c.c.ConfigServerConfigDataLoader   : Fetching config from server at : http://localhost:8888
2025-12-09 07:20:20.747 | 2025-12-09T01:50:20.746Z  INFO 1 --- [flight-service] [           main] o.s.c.c.c.ConfigServerConfigDataLoader   : Exception on Url - http://localhost:8888:org.springframework.web.client.ResourceAccessException: I/O error on GET request for "http://localhost:8888/flight-service/default": Connection refused. Will be trying the next url if available
2025-12-09 07:20:20.747 | 2025-12-09T01:50:20.746Z  WARN 1 --- [flight-service] [           main] o.s.c.c.c.ConfigServerConfigDataLoader   : Could not locate PropertySource ([ConfigServerConfigDataResource@6326d182 uris = array<String>['http://localhost:8888'], optional = true, profiles = 'default']): I/O error on GET request for "http://localhost:8888/flight-service/default": Connection refused
2025-12-09 07:20:20.748 | 2025-12-09T01:50:20.747Z  INFO 1 --- [flight-service] [           main] o.s.c.c.c.ConfigServerConfigDataLoader   : Fetching config from server at : http://localhost:8888
2025-12-09 07:20:20.748 | 2025-12-09T01:50:20.747Z  INFO 1 --- [flight-service] [           main] o.s.c.c.c.ConfigServerConfigDataLoader   : Exception on Url - http://localhost:8888:org.springframework.web.client.ResourceAccessException: I/O error on GET request for "http://localhost:8888/flight-service/default": Connection refused. Will be trying the next url if available
2025-12-09 07:20:20.748 | 2025-12-09T01:50:20.747Z  WARN 1 --- [flight-service] [           main] o.s.c.c.c.ConfigServerConfigDataLoader   : Could not locate PropertySource ([ConfigServerConfigDataResource@5241cf67 uris = array<String>['http://localhost:8888'], optional = true, profiles = 'default']): I/O error on GET request for "http://localhost:8888/flight-service/default": Connection refused
2025-12-09 07:21:06.997 | 2025-12-09T01:51:06.994Z  INFO 1 --- [flight-service] [           main] .s.d.r.c.RepositoryConfigurationDelegate : Bootstrapping Spring Data MongoDB repositories in DEFAULT mode.
2025-12-09 07:21:16.672 | 2025-12-09T01:51:16.659Z  INFO 1 --- [flight-service] [           main] .s.d.r.c.RepositoryConfigurationDelegate : Finished Spring Data repository scanning in 9428 ms. Found 2 MongoDB repository interfaces.
2025-12-09 07:21:37.042 | 2025-12-09T01:51:37.036Z  INFO 1 --- [flight-service] [           main] o.s.cloud.context.scope.GenericScope     : BeanFactory id=953bc70e-0db2-30aa-aefa-1971cd17f8ec
2025-12-09 07:21:39.680 | 2025-12-09T01:51:39.679Z  WARN 1 --- [flight-service] [           main] trationDelegate$BeanPostProcessorChecker : Bean 'org.springframework.cloud.client.loadbalancer.LoadBalancerAutoConfiguration$DeferringLoadBalancerInterceptorConfig' of type [org.springframework.cloud.client.loadbalancer.LoadBalancerAutoConfiguration$DeferringLoadBalancerInterceptorConfig] is not eligible for getting processed by all BeanPostProcessors (for example: not eligible for auto-proxying). The currently created BeanPostProcessor [lbRestClientPostProcessor] is declared through a non-static factory method on that class; consider declaring it as static instead.
2025-12-09 07:21:39.734 | 2025-12-09T01:51:39.731Z  WARN 1 --- [flight-service] [           main] trationDelegate$BeanPostProcessorChecker : Bean 'deferringLoadBalancerInterceptor' of type [org.springframework.cloud.client.loadbalancer.DeferringLoadBalancerInterceptor] is not eligible for getting processed by all BeanPostProcessors (for example: not eligible for auto-proxying). Is this bean getting eagerly injected into a currently created BeanPostProcessor [lbRestClientPostProcessor]? Check the corresponding BeanPostProcessor declaration and its dependencies.
2025-12-09 07:21:48.672 | 2025-12-09T01:51:48.670Z  INFO 1 --- [flight-service] [           main] o.s.b.w.embedded.tomcat.TomcatWebServer  : Tomcat initialized with port 8083 (http)
2025-12-09 07:21:49.304 | 2025-12-09T01:51:49.301Z  INFO 1 --- [flight-service] [           main] o.apache.catalina.core.StandardService   : Starting service [Tomcat]
2025-12-09 07:21:49.359 | 2025-12-09T01:51:49.334Z  INFO 1 --- [flight-service] [           main] o.apache.catalina.core.StandardEngine    : Starting Servlet engine: [Apache Tomcat/10.1.25]
2025-12-09 07:21:52.328 | 2025-12-09T01:51:52.258Z  INFO 1 --- [flight-service] [           main] o.a.c.c.C.[Tomcat].[localhost].[/]       : Initializing Spring embedded WebApplicationContext
2025-12-09 07:21:52.329 | 2025-12-09T01:51:52.321Z  INFO 1 --- [flight-service] [           main] w.s.c.ServletWebServerApplicationContext : Root WebApplicationContext: initialization completed in 91311 ms
2025-12-09 07:22:33.912 | 2025-12-09T01:52:33.909Z  INFO 1 --- [flight-service] [           main] org.mongodb.driver.client                : MongoClient with metadata {"driver": {"name": "mongo-java-driver|sync|spring-boot", "version": "4.11.2"}, "os": {"type": "Linux", "name": "Linux", "architecture": "amd64", "version": "6.6.87.2-microsoft-standard-WSL2"}, "platform": "Java/Eclipse Adoptium/17.0.17+10"} created with settings MongoClientSettings{readPreference=primary, writeConcern=WriteConcern{w=null, wTimeout=null ms, journal=null}, retryWrites=true, retryReads=true, readConcern=ReadConcern{level=null}, credential=null, transportSettings=null, streamFactoryFactory=null, commandListeners=[io.micrometer.core.instrument.binder.mongodb.MongoMetricsCommandListener@349f3ff7], codecRegistry=ProvidersCodecRegistry{codecProviders=[ValueCodecProvider{}, BsonValueCodecProvider{}, DBRefCodecProvider{}, DBObjectCodecProvider{}, DocumentCodecProvider{}, CollectionCodecProvider{}, IterableCodecProvider{}, MapCodecProvider{}, GeoJsonCodecProvider{}, GridFSFileCodecProvider{}, Jsr310CodecProvider{}, JsonObjectCodecProvider{}, BsonCodecProvider{}, EnumCodecProvider{}, com.mongodb.client.model.mql.ExpressionCodecProvider@2487e20, com.mongodb.Jep395RecordCodecProvider@3c9f4376, com.mongodb.KotlinCodecProvider@308a9264]}, loggerSettings=LoggerSettings{maxDocumentLength=1000}, clusterSettings={hosts=[mongodb:27017], srvServiceName=mongodb, mode=SINGLE, requiredClusterType=UNKNOWN, requiredReplicaSetName='null', serverSelector='null', clusterListeners='[]', serverSelectionTimeout='30000 ms', localThreshold='15 ms'}, socketSettings=SocketSettings{connectTimeoutMS=10000, readTimeoutMS=0, receiveBufferSize=0, proxySettings=ProxySettings{host=null, port=null, username=null, password=null}}, heartbeatSocketSettings=SocketSettings{connectTimeoutMS=10000, readTimeoutMS=10000, receiveBufferSize=0, proxySettings=ProxySettings{host=null, port=null, username=null, password=null}}, connectionPoolSettings=ConnectionPoolSettings{maxSize=100, minSize=0, maxWaitTimeMS=120000, maxConnectionLifeTimeMS=0, maxConnectionIdleTimeMS=0, maintenanceInitialDelayMS=0, maintenanceFrequencyMS=60000, connectionPoolListeners=[io.micrometer.core.instrument.binder.mongodb.MongoMetricsConnectionPoolListener@7da77305], maxConnecting=2}, serverSettings=ServerSettings{heartbeatFrequencyMS=10000, minHeartbeatFrequencyMS=500, serverListeners='[]', serverMonitorListeners='[]'}, sslSettings=SslSettings{enabled=false, invalidHostNameAllowed=false, context=null}, applicationName='null', compressorList=[], uuidRepresentation=JAVA_LEGACY, serverApi=null, autoEncryptionSettings=null, dnsClient=null, inetAddressResolver=null, contextProvider=null}
2025-12-09 07:22:34.128 | 2025-12-09T01:52:34.117Z  INFO 1 --- [flight-service] [}-mongodb:27017] org.mongodb.driver.cluster               : Monitor thread successfully connected to server with description ServerDescription{address=mongodb:27017, type=STANDALONE, state=CONNECTED, ok=true, minWireVersion=0, maxWireVersion=17, maxDocumentSize=16777216, logicalSessionTimeoutMinutes=30, roundTripTimeNanos=1083458251}
2025-12-09 07:23:34.779 | 2025-12-09T01:53:34.775Z  INFO 1 --- [flight-service] [           main] DiscoveryClientOptionalArgsConfiguration : Eureka HTTP Client uses RestTemplate.
2025-12-09 07:23:36.136 | 2025-12-09T01:53:36.110Z  WARN 1 --- [flight-service] [           main] iguration$LoadBalancerCaffeineWarnLogger : Spring Cloud LoadBalancer is currently working with the default cache. While this cache implementation is useful for development and tests, it's recommended to use Caffeine cache in production.You can switch to using Caffeine cache, by adding it and org.springframework.cache.caffeine.CaffeineCacheManager to the classpath.
2025-12-09 07:23:36.708 | 2025-12-09T01:53:36.706Z  INFO 1 --- [flight-service] [           main] o.s.b.a.e.web.EndpointLinksResolver      : Exposing 1 endpoint(s) beneath base path '/actuator'
2025-12-09 07:23:39.950 | 2025-12-09T01:53:39.938Z  INFO 1 --- [flight-service] [           main] o.s.c.n.eureka.InstanceInfoFactory       : Setting initial instance status as: STARTING
2025-12-09 07:23:41.349 | 2025-12-09T01:53:41.263Z  INFO 1 --- [flight-service] [           main] com.netflix.discovery.DiscoveryClient    : Initializing Eureka in region us-east-1
2025-12-09 07:23:41.898 | 2025-12-09T01:53:41.892Z  INFO 1 --- [flight-service] [           main] c.n.d.s.r.aws.ConfigClusterResolver      : Resolving eureka endpoints via configuration
2025-12-09 07:23:42.300 | 2025-12-09T01:53:42.289Z  INFO 1 --- [flight-service] [           main] com.netflix.discovery.DiscoveryClient    : Disable delta property : false
2025-12-09 07:23:42.303 | 2025-12-09T01:53:42.301Z  INFO 1 --- [flight-service] [           main] com.netflix.discovery.DiscoveryClient    : Single vip registry refresh property : null
2025-12-09 07:23:42.306 | 2025-12-09T01:53:42.304Z  INFO 1 --- [flight-service] [           main] com.netflix.discovery.DiscoveryClient    : Force full registry fetch : false
2025-12-09 07:23:42.316 | 2025-12-09T01:53:42.306Z  INFO 1 --- [flight-service] [           main] com.netflix.discovery.DiscoveryClient    : Application is null : false
2025-12-09 07:23:42.319 | 2025-12-09T01:53:42.318Z  INFO 1 --- [flight-service] [           main] com.netflix.discovery.DiscoveryClient    : Registered Applications size is zero : true
2025-12-09 07:23:42.323 | 2025-12-09T01:53:42.322Z  INFO 1 --- [flight-service] [           main] com.netflix.discovery.DiscoveryClient    : Application version is -1: true
2025-12-09 07:23:42.339 | 2025-12-09T01:53:42.326Z  INFO 1 --- [flight-service] [           main] com.netflix.discovery.DiscoveryClient    : Getting all instance registry info from the eureka server
2025-12-09 07:23:58.744 | 2025-12-09T01:53:58.741Z  INFO 1 --- [flight-service] [           main] com.netflix.discovery.DiscoveryClient    : The response status is 200
2025-12-09 07:23:58.896 | 2025-12-09T01:53:58.893Z  INFO 1 --- [flight-service] [           main] com.netflix.discovery.DiscoveryClient    : Starting heartbeat executor: renew interval is: 30
2025-12-09 07:23:59.008 | 2025-12-09T01:53:58.998Z  INFO 1 --- [flight-service] [           main] c.n.discovery.InstanceInfoReplicator     : InstanceInfoReplicator onDemand update allowed rate per min is 4
2025-12-09 07:23:59.036 | 2025-12-09T01:53:59.034Z  INFO 1 --- [flight-service] [           main] com.netflix.discovery.DiscoveryClient    : Discovery Client initialized at timestamp 1765245239027 with initial instances count: 0
2025-12-09 07:23:59.073 | 2025-12-09T01:53:59.068Z  INFO 1 --- [flight-service] [           main] o.s.c.n.e.s.EurekaServiceRegistry        : Registering application FLIGHT-SERVICE with eureka with status UP
2025-12-09 07:23:59.081 | 2025-12-09T01:53:59.075Z  INFO 1 --- [flight-service] [           main] com.netflix.discovery.DiscoveryClient    : Saw local status change event StatusChangeEvent [timestamp=1765245239075, current=UP, previous=STARTING]
2025-12-09 07:23:59.153 | 2025-12-09T01:53:59.151Z  INFO 1 --- [flight-service] [foReplicator-%d] com.netflix.discovery.DiscoveryClient    : DiscoveryClient_FLIGHT-SERVICE/1e2fb12cd569:flight-service:8083: registering service...
2025-12-09 07:23:59.629 | 2025-12-09T01:53:59.628Z  INFO 1 --- [flight-service] [           main] o.s.b.w.embedded.tomcat.TomcatWebServer  : Tomcat started on port 8083 (http) with context path ''
2025-12-09 07:23:59.640 | 2025-12-09T01:53:59.638Z  INFO 1 --- [flight-service] [           main] .s.c.n.e.s.EurekaAutoServiceRegistration : Updating port to 8083
2025-12-09 07:24:00.897 | 2025-12-09T01:54:00.883Z  INFO 1 --- [flight-service] [           main] c.f.f.FlightServiceApplication           : Started FlightServiceApplication in 255.559 seconds (process running for 268.238)
2025-12-09 07:24:01.325 | 2025-12-09T01:54:01.316Z  INFO 1 --- [flight-service] [foReplicator-%d] com.netflix.discovery.DiscoveryClient    : DiscoveryClient_FLIGHT-SERVICE/1e2fb12cd569:flight-service:8083 - registration status: 204
2025-12-09 07:24:28.807 | 2025-12-09T01:54:28.805Z  INFO 1 --- [flight-service] [reshExecutor-%d] com.netflix.discovery.DiscoveryClient    : Disable delta property : false
2025-12-09 07:24:28.809 | 2025-12-09T01:54:28.806Z  INFO 1 --- [flight-service] [reshExecutor-%d] com.netflix.discovery.DiscoveryClient    : Single vip registry refresh property : null
2025-12-09 07:24:28.809 | 2025-12-09T01:54:28.808Z  INFO 1 --- [flight-service] [reshExecutor-%d] com.netflix.discovery.DiscoveryClient    : Force full registry fetch : false
2025-12-09 07:24:28.810 | 2025-12-09T01:54:28.809Z  INFO 1 --- [flight-service] [reshExecutor-%d] com.netflix.discovery.DiscoveryClient    : Application is null : false
2025-12-09 07:24:28.811 | 2025-12-09T01:54:28.810Z  INFO 1 --- [flight-service] [reshExecutor-%d] com.netflix.discovery.DiscoveryClient    : Registered Applications size is zero : true
2025-12-09 07:24:28.811 | 2025-12-09T01:54:28.810Z  INFO 1 --- [flight-service] [reshExecutor-%d] com.netflix.discovery.DiscoveryClient    : Application version is -1: false
2025-12-09 07:24:28.812 | 2025-12-09T01:54:28.811Z  INFO 1 --- [flight-service] [reshExecutor-%d] com.netflix.discovery.DiscoveryClient    : Getting all instance registry info from the eureka server
2025-12-09 07:24:29.048 | 2025-12-09T01:54:29.042Z  INFO 1 --- [flight-service] [reshExecutor-%d] com.netflix.discovery.DiscoveryClient    : The response status is 200
2025-12-09 07:27:29.074 | 2025-12-09T01:57:29.072Z  INFO 1 --- [flight-service] [ionShutdownHook] o.s.c.n.e.s.EurekaServiceRegistry        : Unregistering application FLIGHT-SERVICE with eureka with status DOWN
2025-12-09 07:27:29.076 | 2025-12-09T01:57:29.074Z  INFO 1 --- [flight-service] [ionShutdownHook] com.netflix.discovery.DiscoveryClient    : Saw local status change event StatusChangeEvent [timestamp=1765245449074, current=DOWN, previous=UP]
2025-12-09 07:27:29.082 | 2025-12-09T01:57:29.081Z  INFO 1 --- [flight-service] [foReplicator-%d] com.netflix.discovery.DiscoveryClient    : DiscoveryClient_FLIGHT-SERVICE/1e2fb12cd569:flight-service:8083: registering service...
2025-12-09 07:27:29.251 | 2025-12-09T01:57:29.244Z  INFO 1 --- [flight-service] [foReplicator-%d] com.netflix.discovery.DiscoveryClient    : DiscoveryClient_FLIGHT-SERVICE/1e2fb12cd569:flight-service:8083 - registration status: 204
2025-12-09 07:27:29.587 | 2025-12-09T01:57:29.584Z  INFO 1 --- [flight-service] [ionShutdownHook] com.netflix.discovery.DiscoveryClient    : Shutting down DiscoveryClient ...
2025-12-09 07:27:32.602 | 2025-12-09T01:57:32.600Z  WARN 1 --- [flight-service] [coveryClient-%d] c.netflix.discovery.TimedSupervisorTask  : task supervisor shutting down, can't accept the task
2025-12-09 07:27:32.604 | 2025-12-09T01:57:32.600Z  INFO 1 --- [flight-service] [ionShutdownHook] com.netflix.discovery.DiscoveryClient    : Unregistering ...
2025-12-09 07:27:32.713 | 2025-12-09T01:57:32.712Z  INFO 1 --- [flight-service] [ionShutdownHook] com.netflix.discovery.DiscoveryClient    : DiscoveryClient_FLIGHT-SERVICE/1e2fb12cd569:flight-service:8083 - deregister  status: 200
2025-12-09 07:27:32.715 | 2025-12-09T01:57:32.713Z  INFO 1 --- [flight-service] [ionShutdownHook] com.netflix.discovery.DiscoveryClient    : Completed shut down of DiscoveryClient